[2020-09-15 13:36:07] local.ERROR: SQLSTATE[HY000] [1045] Access denied for user 'laravel'@'localhost' (using password: YES) (SQL: select * from `settings` where `settings`.`id` = 1 limit 1) {"exception":"[object] (Illuminate\\Database\\QueryException(code: 1045): SQLSTATE[HY000] [1045] Access denied for user 'laravel'@'localhost' (using password: YES) (SQL: select * from `settings` where `settings`.`id` = 1 limit 1) at /Users/danieldimov/Documents/Projects/Mobidonia/CodeCanyon/MRestorant/Site/vendor/laravel/framework/src/Illuminate/Database/Connection.php:664, Doctrine\\DBAL\\Driver\\PDOException(code: 1045): SQLSTATE[HY000] [1045] Access denied for user 'laravel'@'localhost' (using password: YES) at /Users/danieldimov/Documents/Projects/Mobidonia/CodeCanyon/MRestorant/Site/vendor/doctrine/dbal/lib/Doctrine/DBAL/Driver/PDOConnection.php:31, PDOException(code: 1045): SQLSTATE[HY000] [1045] Access denied for user 'laravel'@'localhost' (using password: YES) at /Users/danieldimov/Documents/Projects/Mobidonia/CodeCanyon/MRestorant/Site/vendor/doctrine/dbal/lib/Doctrine/DBAL/Driver/PDOConnection.php:27)
[stacktrace]
#0 /Users/danieldimov/Documents/Projects/Mobidonia/CodeCanyon/MRestorant/Site/vendor/laravel/framework/src/Illuminate/Database/Connection.php(624): Illuminate\\Database\\Connection->runQueryCallback('select * from `...', Array, Object(Closure))
#1 /Users/danieldimov/Documents/Projects/Mobidonia/CodeCanyon/MRestorant/Site/vendor/laravel/framework/src/Illuminate/Database/Connection.php(333): Illuminate\\Database\\Connection->run('select * from `...', Array, Object(Closure))
#2 /Users/danieldimov/Documents/Projects/Mobidonia/CodeCanyon/MRestorant/Site/vendor/laravel/framework/src/Illuminate/Database/Query/Builder.php(2130): Illuminate\\Database\\Connection->select('select * from `...', Array, true)
#3 /Users/danieldimov/Documents/Projects/Mobidonia/CodeCanyon/MRestorant/Site/vendor/laravel/framework/src/Illuminate/Database/Query/Builder.php(2118): Illuminate\\Database\\Query\\Builder->runSelect()
#4 /Users/danieldimov/Documents/Projects/Mobidonia/CodeCanyon/MRestorant/Site/vendor/laravel/framework/src/Illuminate/Database/Query/Builder.php(2604): Illuminate\\Database\\Query\\Builder->Illuminate\\Database\\Query\\{closure}()
#5 /Users/danieldimov/Documents/Projects/Mobidonia/CodeCanyon/MRestorant/Site/vendor/laravel/framework/src/Illuminate/Database/Query/Builder.php(2119): Illuminate\\Database\\Query\\Builder->onceWithColumns(Array, Object(Closure))
#6 /Users/danieldimov/Documents/Projects/Mobidonia/CodeCanyon/MRestorant/Site/vendor/laravel/framework/src/Illuminate/Database/Eloquent/Builder.php(521): Illuminate\\Database\\Query\\Builder->get(Array)
#7 /Users/danieldimov/Documents/Projects/Mobidonia/CodeCanyon/MRestorant/Site/vendor/laravel/framework/src/Illuminate/Database/Eloquent/Builder.php(505): Illuminate\\Database\\Eloquent\\Builder->getModels(Array)
#8 /Users/danieldimov/Documents/Projects/Mobidonia/CodeCanyon/MRestorant/Site/vendor/laravel/framework/src/Illuminate/Database/Concerns/BuildsQueries.php(77): Illuminate\\Database\\Eloquent\\Builder->get(Array)
#9 /Users/danieldimov/Documents/Projects/Mobidonia/CodeCanyon/MRestorant/Site/vendor/laravel/framework/src/Illuminate/Database/Eloquent/Builder.php(329): Illuminate\\Database\\Eloquent\\Builder->first(Array)
#10 /Users/danieldimov/Documents/Projects/Mobidonia/CodeCanyon/MRestorant/Site/vendor/laravel/framework/src/Illuminate/Database/Eloquent/Builder.php(361): Illuminate\\Database\\Eloquent\\Builder->find(1, Array)
#11 /Users/danieldimov/Documents/Projects/Mobidonia/CodeCanyon/MRestorant/Site/vendor/laravel/framework/src/Illuminate/Support/Traits/ForwardsCalls.php(23): Illuminate\\Database\\Eloquent\\Builder->findOrFail(1)
#12 /Users/danieldimov/Documents/Projects/Mobidonia/CodeCanyon/MRestorant/Site/vendor/laravel/framework/src/Illuminate/Database/Eloquent/Model.php(1618): Illuminate\\Database\\Eloquent\\Model->forwardCallTo(Object(Illuminate\\Database\\Eloquent\\Builder), 'findOrFail', Array)
#13 /Users/danieldimov/Documents/Projects/Mobidonia/CodeCanyon/MRestorant/Site/vendor/laravel/framework/src/Illuminate/Database/Eloquent/Model.php(1630): Illuminate\\Database\\Eloquent\\Model->__call('findOrFail', Array)
#14 /Users/danieldimov/Documents/Projects/Mobidonia/CodeCanyon/MRestorant/Site/app/Http/Controllers/FrontEndController.php(168): Illuminate\\Database\\Eloquent\\Model::__callStatic('findOrFail', Array)
#15 /Users/danieldimov/Documents/Projects/Mobidonia/CodeCanyon/MRestorant/Site/app/Http/Controllers/FrontEndController.php(112): App\\Http\\Controllers\\FrontEndController->multyCityMode()
#16 [internal function]: App\\Http\\Controllers\\FrontEndController->index()
#17 /Users/danieldimov/Documents/Projects/Mobidonia/CodeCanyon/MRestorant/Site/vendor/laravel/framework/src/Illuminate/Routing/Controller.php(54): call_user_func_array(Array, Array)
#18 /Users/danieldimov/Documents/Projects/Mobidonia/CodeCanyon/MRestorant/Site/vendor/laravel/framework/src/Illuminate/Routing/ControllerDispatcher.php(45): Illuminate\\Routing\\Controller->callAction('index', Array)
#19 /Users/danieldimov/Documents/Projects/Mobidonia/CodeCanyon/MRestorant/Site/vendor/laravel/framework/src/Illuminate/Routing/Route.php(219): Illuminate\\Routing\\ControllerDispatcher->dispatch(Object(Illuminate\\Routing\\Route), Object(App\\Http\\Controllers\\FrontEndController), 'index')
#20 /Users/danieldimov/Documents/Projects/Mobidonia/CodeCanyon/MRestorant/Site/vendor/laravel/framework/src/Illuminate/Routing/Route.php(176): Illuminate\\Routing\\Route->runController()
#21 /Users/danieldimov/Documents/Projects/Mobidonia/CodeCanyon/MRestorant/Site/vendor/laravel/framework/src/Illuminate/Routing/Router.php(680): Illuminate\\Routing\\Route->run()
#22 /Users/danieldimov/Documents/Projects/Mobidonia/CodeCanyon/MRestorant/Site/vendor/laravel/framework/src/Illuminate/Routing/Pipeline.php(30): Illuminate\\Routing\\Router->Illuminate\\Routing\\{closure}(Object(Illuminate\\Http\\Request))
#23 /Users/danieldimov/Documents/Projects/Mobidonia/CodeCanyon/MRestorant/Site/vendor/laravel/framework/src/Illuminate/Routing/Middleware/SubstituteBindings.php(41): Illuminate\\Routing\\Pipeline->Illuminate\\Routing\\{closure}(Object(Illuminate\\Http\\Request))
#24 /Users/danieldimov/Documents/Projects/Mobidonia/CodeCanyon/MRestorant/Site/vendor/laravel/framework/src/Illuminate/Pipeline/Pipeline.php(163): Illuminate\\Routing\\Middleware\\SubstituteBindings->handle(Object(Illuminate\\Http\\Request), Object(Closure))
#25 /Users/danieldimov/Documents/Projects/Mobidonia/CodeCanyon/MRestorant/Site/vendor/laravel/framework/src/Illuminate/Routing/Pipeline.php(53): Illuminate\\Pipeline\\Pipeline->Illuminate\\Pipeline\\{closure}(Object(Illuminate\\Http\\Request))
#26 /Users/danieldimov/Documents/Projects/Mobidonia/CodeCanyon/MRestorant/Site/vendor/laravel/framework/src/Illuminate/Foundation/Http/Middleware/VerifyCsrfToken.php(75): Illuminate\\Routing\\Pipeline->Illuminate\\Routing\\{closure}(Object(Illuminate\\Http\\Request))
#27 /Users/danieldimov/Documents/Projects/Mobidonia/CodeCanyon/MRestorant/Site/vendor/laravel/framework/src/Illuminate/Pipeline/Pipeline.php(163): Illuminate\\Foundation\\Http\\Middleware\\VerifyCsrfToken->handle(Object(Illuminate\\Http\\Request), Object(Closure))
#28 /Users/danieldimov/Documents/Projects/Mobidonia/CodeCanyon/MRestorant/Site/vendor/laravel/framework/src/Illuminate/Routing/Pipeline.php(53): Illuminate\\Pipeline\\Pipeline->Illuminate\\Pipeline\\{closure}(Object(Illuminate\\Http\\Request))
#29 /Users/danieldimov/Documents/Projects/Mobidonia/CodeCanyon/MRestorant/Site/vendor/laravel/framework/src/Illuminate/View/Middleware/ShareErrorsFromSession.php(49): Illuminate\\Routing\\Pipeline->Illuminate\\Routing\\{closure}(Object(Illuminate\\Http\\Request))
#30 /Users/danieldimov/Documents/Projects/Mobidonia/CodeCanyon/MRestorant/Site/vendor/laravel/framework/src/Illuminate/Pipeline/Pipeline.php(163): Illuminate\\View\\Middleware\\ShareErrorsFromSession->handle(Object(Illuminate\\Http\\Request), Object(Closure))
#31 /Users/danieldimov/Documents/Projects/Mobidonia/CodeCanyon/MRestorant/Site/vendor/laravel/framework/src/Illuminate/Routing/Pipeline.php(53): Illuminate\\Pipeline\\Pipeline->Illuminate\\Pipeline\\{closure}(Object(Illuminate\\Http\\Request))
#32 /Users/danieldimov/Documents/Projects/Mobidonia/CodeCanyon/MRestorant/Site/vendor/laravel/framework/src/Illuminate/Session/Middleware/StartSession.php(56): Illuminate\\Routing\\Pipeline->Illuminate\\Routing\\{closure}(Object(Illuminate\\Http\\Request))
#33 /Users/danieldimov/Documents/Projects/Mobidonia/CodeCanyon/MRestorant/Site/vendor/laravel/framework/src/Illuminate/Pipeline/Pipeline.php(163): Illuminate\\Session\\Middleware\\StartSession->handle(Object(Illuminate\\Http\\Request), Object(Closure))
#34 /Users/danieldimov/Documents/Projects/Mobidonia/CodeCanyon/MRestorant/Site/vendor/laravel/framework/src/Illuminate/Routing/Pipeline.php(53): Illuminate\\Pipeline\\Pipeline->Illuminate\\Pipeline\\{closure}(Object(Illuminate\\Http\\Request))
#35 /Users/danieldimov/Documents/Projects/Mobidonia/CodeCanyon/MRestorant/Site/vendor/laravel/framework/src/Illuminate/Cookie/Middleware/AddQueuedCookiesToResponse.php(37): Illuminate\\Routing\\Pipeline->Illuminate\\Routing\\{closure}(Object(Illuminate\\Http\\Request))
#36 /Users/danieldimov/Documents/Projects/Mobidonia/CodeCanyon/MRestorant/Site/vendor/laravel/framework/src/Illuminate/Pipeline/Pipeline.php(163): Illuminate\\Cookie\\Middleware\\AddQueuedCookiesToResponse->handle(Object(Illuminate\\Http\\Request), Object(Closure))
#37 /Users/danieldimov/Documents/Projects/Mobidonia/CodeCanyon/MRestorant/Site/vendor/laravel/framework/src/Illuminate/Routing/Pipeline.php(53): Illuminate\\Pipeline\\Pipeline->Illuminate\\Pipeline\\{closure}(Object(Illuminate\\Http\\Request))
#38 /Users/danieldimov/Documents/Projects/Mobidonia/CodeCanyon/MRestorant/Site/vendor/laravel/framework/src/Illuminate/Cookie/Middleware/EncryptCookies.php(66): Illuminate\\Routing\\Pipeline->Illuminate\\Routing\\{closure}(Object(Illuminate\\Http\\Request))
#39 /Users/danieldimov/Documents/Projects/Mobidonia/CodeCanyon/MRestorant/Site/vendor/laravel/framework/src/Illuminate/Pipeline/Pipeline.php(163): Illuminate\\Cookie\\Middleware\\EncryptCookies->handle(Object(Illuminate\\Http\\Request), Object(Closure))
#40 /Users/danieldimov/Documents/Projects/Mobidonia/CodeCanyon/MRestorant/Site/vendor/laravel/framework/src/Illuminate/Routing/Pipeline.php(53): Illuminate\\Pipeline\\Pipeline->Illuminate\\Pipeline\\{closure}(Object(Illuminate\\Http\\Request))
#41 /Users/danieldimov/Documents/Projects/Mobidonia/CodeCanyon/MRestorant/Site/vendor/laravel/framework/src/Illuminate/Pipeline/Pipeline.php(104): Illuminate\\Routing\\Pipeline->Illuminate\\Routing\\{closure}(Object(Illuminate\\Http\\Request))
#42 /Users/danieldimov/Documents/Projects/Mobidonia/CodeCanyon/MRestorant/Site/vendor/laravel/framework/src/Illuminate/Routing/Router.php(682): Illuminate\\Pipeline\\Pipeline->then(Object(Closure))
#43 /Users/danieldimov/Documents/Projects/Mobidonia/CodeCanyon/MRestorant/Site/vendor/laravel/framework/src/Illuminate/Routing/Router.php(657): Illuminate\\Routing\\Router->runRouteWithinStack(Object(Illuminate\\Routing\\Route), Object(Illuminate\\Http\\Request))
#44 /Users/danieldimov/Documents/Projects/Mobidonia/CodeCanyon/MRestorant/Site/vendor/laravel/framework/src/Illuminate/Routing/Router.php(623): Illuminate\\Routing\\Router->runRoute(Object(Illuminate\\Http\\Request), Object(Illuminate\\Routing\\Route))
#45 /Users/danieldimov/Documents/Projects/Mobidonia/CodeCanyon/MRestorant/Site/vendor/laravel/framework/src/Illuminate/Routing/Router.php(612): Illuminate\\Routing\\Router->dispatchToRoute(Object(Illuminate\\Http\\Request))
#46 /Users/danieldimov/Documents/Projects/Mobidonia/CodeCanyon/MRestorant/Site/vendor/laravel/framework/src/Illuminate/Foundation/Http/Kernel.php(176): Illuminate\\Routing\\Router->dispatch(Object(Illuminate\\Http\\Request))
#47 /Users/danieldimov/Documents/Projects/Mobidonia/CodeCanyon/MRestorant/Site/vendor/laravel/framework/src/Illuminate/Routing/Pipeline.php(30): Illuminate\\Foundation\\Http\\Kernel->Illuminate\\Foundation\\Http\\{closure}(Object(Illuminate\\Http\\Request))
#48 /Users/danieldimov/Documents/Projects/Mobidonia/CodeCanyon/MRestorant/Site/vendor/barryvdh/laravel-debugbar/src/Middleware/InjectDebugbar.php(65): Illuminate\\Routing\\Pipeline->Illuminate\\Routing\\{closure}(Object(Illuminate\\Http\\Request))
#49 /Users/danieldimov/Documents/Projects/Mobidonia/CodeCanyon/MRestorant/Site/vendor/laravel/framework/src/Illuminate/Pipeline/Pipeline.php(163): Barryvdh\\Debugbar\\Middleware\\InjectDebugbar->handle(Object(Illuminate\\Http\\Request), Object(Closure))
#50 /Users/danieldimov/Documents/Projects/Mobidonia/CodeCanyon/MRestorant/Site/vendor/laravel/framework/src/Illuminate/Routing/Pipeline.php(53): Illuminate\\Pipeline\\Pipeline->Illuminate\\Pipeline\\{closure}(Object(Illuminate\\Http\\Request))
#51 /Users/danieldimov/Documents/Projects/Mobidonia/CodeCanyon/MRestorant/Site/vendor/laravel/framework/src/Illuminate/Foundation/Http/Middleware/TransformsRequest.php(21): Illuminate\\Routing\\Pipeline->Illuminate\\Routing\\{closure}(Object(Illuminate\\Http\\Request))
#52 /Users/danieldimov/Documents/Projects/Mobidonia/CodeCanyon/MRestorant/Site/vendor/laravel/framework/src/Illuminate/Pipeline/Pipeline.php(163): Illuminate\\Foundation\\Http\\Middleware\\TransformsRequest->handle(Object(Illuminate\\Http\\Request), Object(Closure))
#53 /Users/danieldimov/Documents/Projects/Mobidonia/CodeCanyon/MRestorant/Site/vendor/laravel/framework/src/Illuminate/Routing/Pipeline.php(53): Illuminate\\Pipeline\\Pipeline->Illuminate\\Pipeline\\{closure}(Object(Illuminate\\Http\\Request))
#54 /Users/danieldimov/Documents/Projects/Mobidonia/CodeCanyon/MRestorant/Site/vendor/laravel/framework/src/Illuminate/Foundation/Http/Middleware/TransformsRequest.php(21): Illuminate\\Routing\\Pipeline->Illuminate\\Routing\\{closure}(Object(Illuminate\\Http\\Request))
#55 /Users/danieldimov/Documents/Projects/Mobidonia/CodeCanyon/MRestorant/Site/vendor/laravel/framework/src/Illuminate/Pipeline/Pipeline.php(163): Illuminate\\Foundation\\Http\\Middleware\\TransformsRequest->handle(Object(Illuminate\\Http\\Request), Object(Closure))
#56 /Users/danieldimov/Documents/Projects/Mobidonia/CodeCanyon/MRestorant/Site/vendor/laravel/framework/src/Illuminate/Routing/Pipeline.php(53): Illuminate\\Pipeline\\Pipeline->Illuminate\\Pipeline\\{closure}(Object(Illuminate\\Http\\Request))
#57 /Users/danieldimov/Documents/Projects/Mobidonia/CodeCanyon/MRestorant/Site/vendor/laravel/framework/src/Illuminate/Foundation/Http/Middleware/ValidatePostSize.php(27): Illuminate\\Routing\\Pipeline->Illuminate\\Routing\\{closure}(Object(Illuminate\\Http\\Request))
#58 /Users/danieldimov/Documents/Projects/Mobidonia/CodeCanyon/MRestorant/Site/vendor/laravel/framework/src/Illuminate/Pipeline/Pipeline.php(163): Illuminate\\Foundation\\Http\\Middleware\\ValidatePostSize->handle(Object(Illuminate\\Http\\Request), Object(Closure))
#59 /Users/danieldimov/Documents/Projects/Mobidonia/CodeCanyon/MRestorant/Site/vendor/laravel/framework/src/Illuminate/Routing/Pipeline.php(53): Illuminate\\Pipeline\\Pipeline->Illuminate\\Pipeline\\{closure}(Object(Illuminate\\Http\\Request))
#60 /Users/danieldimov/Documents/Projects/Mobidonia/CodeCanyon/MRestorant/Site/vendor/laravel/framework/src/Illuminate/Foundation/Http/Middleware/CheckForMaintenanceMode.php(62): Illuminate\\Routing\\Pipeline->Illuminate\\Routing\\{closure}(Object(Illuminate\\Http\\Request))
#61 /Users/danieldimov/Documents/Projects/Mobidonia/CodeCanyon/MRestorant/Site/vendor/laravel/framework/src/Illuminate/Pipeline/Pipeline.php(163): Illuminate\\Foundation\\Http\\Middleware\\CheckForMaintenanceMode->handle(Object(Illuminate\\Http\\Request), Object(Closure))
#62 /Users/danieldimov/Documents/Projects/Mobidonia/CodeCanyon/MRestorant/Site/vendor/laravel/framework/src/Illuminate/Routing/Pipeline.php(53): Illuminate\\Pipeline\\Pipeline->Illuminate\\Pipeline\\{closure}(Object(Illuminate\\Http\\Request))
#63 /Users/danieldimov/Documents/Projects/Mobidonia/CodeCanyon/MRestorant/Site/vendor/fideloper/proxy/src/TrustProxies.php(57): Illuminate\\Routing\\Pipeline->Illuminate\\Routing\\{closure}(Object(Illuminate\\Http\\Request))
#64 /Users/danieldimov/Documents/Projects/Mobidonia/CodeCanyon/MRestorant/Site/vendor/laravel/framework/src/Illuminate/Pipeline/Pipeline.php(163): Fideloper\\Proxy\\TrustProxies->handle(Object(Illuminate\\Http\\Request), Object(Closure))
#65 /Users/danieldimov/Documents/Projects/Mobidonia/CodeCanyon/MRestorant/Site/vendor/laravel/framework/src/Illuminate/Routing/Pipeline.php(53): Illuminate\\Pipeline\\Pipeline->Illuminate\\Pipeline\\{closure}(Object(Illuminate\\Http\\Request))
#66 /Users/danieldimov/Documents/Projects/Mobidonia/CodeCanyon/MRestorant/Site/vendor/laravel/framework/src/Illuminate/Pipeline/Pipeline.php(104): Illuminate\\Routing\\Pipeline->Illuminate\\Routing\\{closure}(Object(Illuminate\\Http\\Request))
#67 /Users/danieldimov/Documents/Projects/Mobidonia/CodeCanyon/MRestorant/Site/vendor/laravel/framework/src/Illuminate/Foundation/Http/Kernel.php(151): Illuminate\\Pipeline\\Pipeline->then(Object(Closure))
#68 /Users/danieldimov/Documents/Projects/Mobidonia/CodeCanyon/MRestorant/Site/vendor/laravel/framework/src/Illuminate/Foundation/Http/Kernel.php(116): Illuminate\\Foundation\\Http\\Kernel->sendRequestThroughRouter(Object(Illuminate\\Http\\Request))
#69 /Users/danieldimov/Documents/Projects/Mobidonia/CodeCanyon/MRestorant/Site/public/index.php(55): Illuminate\\Foundation\\Http\\Kernel->handle(Object(Illuminate\\Http\\Request))
#70 /Users/danieldimov/Documents/Projects/Mobidonia/CodeCanyon/MRestorant/Site/server.php(21): require_once('/Users/danieldi...')
#71 {main}
"} 
