[2020-09-06 08:55:23] local.ERROR: URI must be a string or UriInterface (View: /Users/danieldimov/Documents/Projects/Mobidonia/CodeCanyon/MRestorant/Site/resources/views/cart/payments/paystack.blade.php) (View: /Users/danieldimov/Documents/Projects/Mobidonia/CodeCanyon/MRestorant/Site/resources/views/cart/payments/paystack.blade.php) (View: /Users/danieldimov/Documents/Projects/Mobidonia/CodeCanyon/MRestorant/Site/resources/views/cart/payments/paystack.blade.php) {"userId":4,"exception":"[object] (ErrorException(code: 0): URI must be a string or UriInterface (View: /Users/danieldimov/Documents/Projects/Mobidonia/CodeCanyon/MRestorant/Site/resources/views/cart/payments/paystack.blade.php) (View: /Users/danieldimov/Documents/Projects/Mobidonia/CodeCanyon/MRestorant/Site/resources/views/cart/payments/paystack.blade.php) (View: /Users/danieldimov/Documents/Projects/Mobidonia/CodeCanyon/MRestorant/Site/resources/views/cart/payments/paystack.blade.php) at /Users/danieldimov/Documents/Projects/Mobidonia/CodeCanyon/MRestorant/Site/vendor/guzzlehttp/psr7/src/functions.php:62, ErrorException(code: 0): URI must be a string or UriInterface (View: /Users/danieldimov/Documents/Projects/Mobidonia/CodeCanyon/MRestorant/Site/resources/views/cart/payments/paystack.blade.php) (View: /Users/danieldimov/Documents/Projects/Mobidonia/CodeCanyon/MRestorant/Site/resources/views/cart/payments/paystack.blade.php) at /Users/danieldimov/Documents/Projects/Mobidonia/CodeCanyon/MRestorant/Site/vendor/guzzlehttp/psr7/src/functions.php:62, ErrorException(code: 0): URI must be a string or UriInterface (View: /Users/danieldimov/Documents/Projects/Mobidonia/CodeCanyon/MRestorant/Site/resources/views/cart/payments/paystack.blade.php) at /Users/danieldimov/Documents/Projects/Mobidonia/CodeCanyon/MRestorant/Site/vendor/guzzlehttp/psr7/src/functions.php:62, InvalidArgumentException(code: 0): URI must be a string or UriInterface at /Users/danieldimov/Documents/Projects/Mobidonia/CodeCanyon/MRestorant/Site/vendor/guzzlehttp/psr7/src/functions.php:62)
[stacktrace]
#0 /Users/danieldimov/Documents/Projects/Mobidonia/CodeCanyon/MRestorant/Site/vendor/laravel/framework/src/Illuminate/View/Engines/PhpEngine.php(45): Illuminate\\View\\Engines\\CompilerEngine->handleViewException(Object(ErrorException), 1)
#1 /Users/danieldimov/Documents/Projects/Mobidonia/CodeCanyon/MRestorant/Site/vendor/laravel/framework/src/Illuminate/View/Engines/CompilerEngine.php(59): Illuminate\\View\\Engines\\PhpEngine->evaluatePath('/Users/danieldi...', Array)
#2 /Users/danieldimov/Documents/Projects/Mobidonia/CodeCanyon/MRestorant/Site/vendor/laravel/framework/src/Illuminate/View/View.php(142): Illuminate\\View\\Engines\\CompilerEngine->get('/Users/danieldi...', Array)
#3 /Users/danieldimov/Documents/Projects/Mobidonia/CodeCanyon/MRestorant/Site/vendor/laravel/framework/src/Illuminate/View/View.php(125): Illuminate\\View\\View->getContents()
#4 /Users/danieldimov/Documents/Projects/Mobidonia/CodeCanyon/MRestorant/Site/vendor/laravel/framework/src/Illuminate/View/View.php(90): Illuminate\\View\\View->renderContents()
#5 /Users/danieldimov/Documents/Projects/Mobidonia/CodeCanyon/MRestorant/Site/vendor/laravel/framework/src/Illuminate/Http/Response.php(42): Illuminate\\View\\View->render()
#6 /Users/danieldimov/Documents/Projects/Mobidonia/CodeCanyon/MRestorant/Site/vendor/symfony/http-foundation/Response.php(205): Illuminate\\Http\\Response->setContent(Object(Illuminate\\View\\View))
#7 /Users/danieldimov/Documents/Projects/Mobidonia/CodeCanyon/MRestorant/Site/vendor/laravel/framework/src/Illuminate/Routing/Router.php(748): Symfony\\Component\\HttpFoundation\\Response->__construct(Object(Illuminate\\View\\View))
#8 /Users/danieldimov/Documents/Projects/Mobidonia/CodeCanyon/MRestorant/Site/vendor/laravel/framework/src/Illuminate/Routing/Router.php(720): Illuminate\\Routing\\Router::toResponse(Object(Illuminate\\Http\\Request), Object(Illuminate\\View\\View))
#9 /Users/danieldimov/Documents/Projects/Mobidonia/CodeCanyon/MRestorant/Site/vendor/laravel/framework/src/Illuminate/Routing/Router.php(680): Illuminate\\Routing\\Router->prepareResponse(Object(Illuminate\\Http\\Request), Object(Illuminate\\View\\View))
#10 /Users/danieldimov/Documents/Projects/Mobidonia/CodeCanyon/MRestorant/Site/vendor/laravel/framework/src/Illuminate/Routing/Pipeline.php(30): Illuminate\\Routing\\Router->Illuminate\\Routing\\{closure}(Object(Illuminate\\Http\\Request))
#11 /Users/danieldimov/Documents/Projects/Mobidonia/CodeCanyon/MRestorant/Site/vendor/laravel/framework/src/Illuminate/Routing/Middleware/SubstituteBindings.php(41): Illuminate\\Routing\\Pipeline->Illuminate\\Routing\\{closure}(Object(Illuminate\\Http\\Request))
#12 /Users/danieldimov/Documents/Projects/Mobidonia/CodeCanyon/MRestorant/Site/vendor/laravel/framework/src/Illuminate/Pipeline/Pipeline.php(163): Illuminate\\Routing\\Middleware\\SubstituteBindings->handle(Object(Illuminate\\Http\\Request), Object(Closure))
#13 /Users/danieldimov/Documents/Projects/Mobidonia/CodeCanyon/MRestorant/Site/vendor/laravel/framework/src/Illuminate/Routing/Pipeline.php(53): Illuminate\\Pipeline\\Pipeline->Illuminate\\Pipeline\\{closure}(Object(Illuminate\\Http\\Request))
#14 /Users/danieldimov/Documents/Projects/Mobidonia/CodeCanyon/MRestorant/Site/vendor/laravel/framework/src/Illuminate/Auth/Middleware/Authenticate.php(43): Illuminate\\Routing\\Pipeline->Illuminate\\Routing\\{closure}(Object(Illuminate\\Http\\Request))
#15 /Users/danieldimov/Documents/Projects/Mobidonia/CodeCanyon/MRestorant/Site/vendor/laravel/framework/src/Illuminate/Pipeline/Pipeline.php(163): Illuminate\\Auth\\Middleware\\Authenticate->handle(Object(Illuminate\\Http\\Request), Object(Closure))
#16 /Users/danieldimov/Documents/Projects/Mobidonia/CodeCanyon/MRestorant/Site/vendor/laravel/framework/src/Illuminate/Routing/Pipeline.php(53): Illuminate\\Pipeline\\Pipeline->Illuminate\\Pipeline\\{closure}(Object(Illuminate\\Http\\Request))
#17 /Users/danieldimov/Documents/Projects/Mobidonia/CodeCanyon/MRestorant/Site/vendor/laravel/framework/src/Illuminate/Foundation/Http/Middleware/VerifyCsrfToken.php(75): Illuminate\\Routing\\Pipeline->Illuminate\\Routing\\{closure}(Object(Illuminate\\Http\\Request))
#18 /Users/danieldimov/Documents/Projects/Mobidonia/CodeCanyon/MRestorant/Site/vendor/laravel/framework/src/Illuminate/Pipeline/Pipeline.php(163): Illuminate\\Foundation\\Http\\Middleware\\VerifyCsrfToken->handle(Object(Illuminate\\Http\\Request), Object(Closure))
#19 /Users/danieldimov/Documents/Projects/Mobidonia/CodeCanyon/MRestorant/Site/vendor/laravel/framework/src/Illuminate/Routing/Pipeline.php(53): Illuminate\\Pipeline\\Pipeline->Illuminate\\Pipeline\\{closure}(Object(Illuminate\\Http\\Request))
#20 /Users/danieldimov/Documents/Projects/Mobidonia/CodeCanyon/MRestorant/Site/vendor/laravel/framework/src/Illuminate/View/Middleware/ShareErrorsFromSession.php(49): Illuminate\\Routing\\Pipeline->Illuminate\\Routing\\{closure}(Object(Illuminate\\Http\\Request))
#21 /Users/danieldimov/Documents/Projects/Mobidonia/CodeCanyon/MRestorant/Site/vendor/laravel/framework/src/Illuminate/Pipeline/Pipeline.php(163): Illuminate\\View\\Middleware\\ShareErrorsFromSession->handle(Object(Illuminate\\Http\\Request), Object(Closure))
#22 /Users/danieldimov/Documents/Projects/Mobidonia/CodeCanyon/MRestorant/Site/vendor/laravel/framework/src/Illuminate/Routing/Pipeline.php(53): Illuminate\\Pipeline\\Pipeline->Illuminate\\Pipeline\\{closure}(Object(Illuminate\\Http\\Request))
#23 /Users/danieldimov/Documents/Projects/Mobidonia/CodeCanyon/MRestorant/Site/vendor/laravel/framework/src/Illuminate/Session/Middleware/StartSession.php(56): Illuminate\\Routing\\Pipeline->Illuminate\\Routing\\{closure}(Object(Illuminate\\Http\\Request))
#24 /Users/danieldimov/Documents/Projects/Mobidonia/CodeCanyon/MRestorant/Site/vendor/laravel/framework/src/Illuminate/Pipeline/Pipeline.php(163): Illuminate\\Session\\Middleware\\StartSession->handle(Object(Illuminate\\Http\\Request), Object(Closure))
#25 /Users/danieldimov/Documents/Projects/Mobidonia/CodeCanyon/MRestorant/Site/vendor/laravel/framework/src/Illuminate/Routing/Pipeline.php(53): Illuminate\\Pipeline\\Pipeline->Illuminate\\Pipeline\\{closure}(Object(Illuminate\\Http\\Request))
#26 /Users/danieldimov/Documents/Projects/Mobidonia/CodeCanyon/MRestorant/Site/vendor/laravel/framework/src/Illuminate/Cookie/Middleware/AddQueuedCookiesToResponse.php(37): Illuminate\\Routing\\Pipeline->Illuminate\\Routing\\{closure}(Object(Illuminate\\Http\\Request))
#27 /Users/danieldimov/Documents/Projects/Mobidonia/CodeCanyon/MRestorant/Site/vendor/laravel/framework/src/Illuminate/Pipeline/Pipeline.php(163): Illuminate\\Cookie\\Middleware\\AddQueuedCookiesToResponse->handle(Object(Illuminate\\Http\\Request), Object(Closure))
#28 /Users/danieldimov/Documents/Projects/Mobidonia/CodeCanyon/MRestorant/Site/vendor/laravel/framework/src/Illuminate/Routing/Pipeline.php(53): Illuminate\\Pipeline\\Pipeline->Illuminate\\Pipeline\\{closure}(Object(Illuminate\\Http\\Request))
#29 /Users/danieldimov/Documents/Projects/Mobidonia/CodeCanyon/MRestorant/Site/vendor/laravel/framework/src/Illuminate/Cookie/Middleware/EncryptCookies.php(66): Illuminate\\Routing\\Pipeline->Illuminate\\Routing\\{closure}(Object(Illuminate\\Http\\Request))
#30 /Users/danieldimov/Documents/Projects/Mobidonia/CodeCanyon/MRestorant/Site/vendor/laravel/framework/src/Illuminate/Pipeline/Pipeline.php(163): Illuminate\\Cookie\\Middleware\\EncryptCookies->handle(Object(Illuminate\\Http\\Request), Object(Closure))
#31 /Users/danieldimov/Documents/Projects/Mobidonia/CodeCanyon/MRestorant/Site/vendor/laravel/framework/src/Illuminate/Routing/Pipeline.php(53): Illuminate\\Pipeline\\Pipeline->Illuminate\\Pipeline\\{closure}(Object(Illuminate\\Http\\Request))
#32 /Users/danieldimov/Documents/Projects/Mobidonia/CodeCanyon/MRestorant/Site/vendor/laravel/framework/src/Illuminate/Pipeline/Pipeline.php(104): Illuminate\\Routing\\Pipeline->Illuminate\\Routing\\{closure}(Object(Illuminate\\Http\\Request))
#33 /Users/danieldimov/Documents/Projects/Mobidonia/CodeCanyon/MRestorant/Site/vendor/laravel/framework/src/Illuminate/Routing/Router.php(682): Illuminate\\Pipeline\\Pipeline->then(Object(Closure))
#34 /Users/danieldimov/Documents/Projects/Mobidonia/CodeCanyon/MRestorant/Site/vendor/laravel/framework/src/Illuminate/Routing/Router.php(657): Illuminate\\Routing\\Router->runRouteWithinStack(Object(Illuminate\\Routing\\Route), Object(Illuminate\\Http\\Request))
#35 /Users/danieldimov/Documents/Projects/Mobidonia/CodeCanyon/MRestorant/Site/vendor/laravel/framework/src/Illuminate/Routing/Router.php(623): Illuminate\\Routing\\Router->runRoute(Object(Illuminate\\Http\\Request), Object(Illuminate\\Routing\\Route))
#36 /Users/danieldimov/Documents/Projects/Mobidonia/CodeCanyon/MRestorant/Site/vendor/laravel/framework/src/Illuminate/Routing/Router.php(612): Illuminate\\Routing\\Router->dispatchToRoute(Object(Illuminate\\Http\\Request))
#37 /Users/danieldimov/Documents/Projects/Mobidonia/CodeCanyon/MRestorant/Site/vendor/laravel/framework/src/Illuminate/Foundation/Http/Kernel.php(176): Illuminate\\Routing\\Router->dispatch(Object(Illuminate\\Http\\Request))
#38 /Users/danieldimov/Documents/Projects/Mobidonia/CodeCanyon/MRestorant/Site/vendor/laravel/framework/src/Illuminate/Routing/Pipeline.php(30): Illuminate\\Foundation\\Http\\Kernel->Illuminate\\Foundation\\Http\\{closure}(Object(Illuminate\\Http\\Request))
#39 /Users/danieldimov/Documents/Projects/Mobidonia/CodeCanyon/MRestorant/Site/vendor/barryvdh/laravel-debugbar/src/Middleware/InjectDebugbar.php(65): Illuminate\\Routing\\Pipeline->Illuminate\\Routing\\{closure}(Object(Illuminate\\Http\\Request))
#40 /Users/danieldimov/Documents/Projects/Mobidonia/CodeCanyon/MRestorant/Site/vendor/laravel/framework/src/Illuminate/Pipeline/Pipeline.php(163): Barryvdh\\Debugbar\\Middleware\\InjectDebugbar->handle(Object(Illuminate\\Http\\Request), Object(Closure))
#41 /Users/danieldimov/Documents/Projects/Mobidonia/CodeCanyon/MRestorant/Site/vendor/laravel/framework/src/Illuminate/Routing/Pipeline.php(53): Illuminate\\Pipeline\\Pipeline->Illuminate\\Pipeline\\{closure}(Object(Illuminate\\Http\\Request))
#42 /Users/danieldimov/Documents/Projects/Mobidonia/CodeCanyon/MRestorant/Site/vendor/laravel/framework/src/Illuminate/Foundation/Http/Middleware/TransformsRequest.php(21): Illuminate\\Routing\\Pipeline->Illuminate\\Routing\\{closure}(Object(Illuminate\\Http\\Request))
#43 /Users/danieldimov/Documents/Projects/Mobidonia/CodeCanyon/MRestorant/Site/vendor/laravel/framework/src/Illuminate/Pipeline/Pipeline.php(163): Illuminate\\Foundation\\Http\\Middleware\\TransformsRequest->handle(Object(Illuminate\\Http\\Request), Object(Closure))
#44 /Users/danieldimov/Documents/Projects/Mobidonia/CodeCanyon/MRestorant/Site/vendor/laravel/framework/src/Illuminate/Routing/Pipeline.php(53): Illuminate\\Pipeline\\Pipeline->Illuminate\\Pipeline\\{closure}(Object(Illuminate\\Http\\Request))
#45 /Users/danieldimov/Documents/Projects/Mobidonia/CodeCanyon/MRestorant/Site/vendor/laravel/framework/src/Illuminate/Foundation/Http/Middleware/TransformsRequest.php(21): Illuminate\\Routing\\Pipeline->Illuminate\\Routing\\{closure}(Object(Illuminate\\Http\\Request))
#46 /Users/danieldimov/Documents/Projects/Mobidonia/CodeCanyon/MRestorant/Site/vendor/laravel/framework/src/Illuminate/Pipeline/Pipeline.php(163): Illuminate\\Foundation\\Http\\Middleware\\TransformsRequest->handle(Object(Illuminate\\Http\\Request), Object(Closure))
#47 /Users/danieldimov/Documents/Projects/Mobidonia/CodeCanyon/MRestorant/Site/vendor/laravel/framework/src/Illuminate/Routing/Pipeline.php(53): Illuminate\\Pipeline\\Pipeline->Illuminate\\Pipeline\\{closure}(Object(Illuminate\\Http\\Request))
#48 /Users/danieldimov/Documents/Projects/Mobidonia/CodeCanyon/MRestorant/Site/vendor/laravel/framework/src/Illuminate/Foundation/Http/Middleware/ValidatePostSize.php(27): Illuminate\\Routing\\Pipeline->Illuminate\\Routing\\{closure}(Object(Illuminate\\Http\\Request))
#49 /Users/danieldimov/Documents/Projects/Mobidonia/CodeCanyon/MRestorant/Site/vendor/laravel/framework/src/Illuminate/Pipeline/Pipeline.php(163): Illuminate\\Foundation\\Http\\Middleware\\ValidatePostSize->handle(Object(Illuminate\\Http\\Request), Object(Closure))
#50 /Users/danieldimov/Documents/Projects/Mobidonia/CodeCanyon/MRestorant/Site/vendor/laravel/framework/src/Illuminate/Routing/Pipeline.php(53): Illuminate\\Pipeline\\Pipeline->Illuminate\\Pipeline\\{closure}(Object(Illuminate\\Http\\Request))
#51 /Users/danieldimov/Documents/Projects/Mobidonia/CodeCanyon/MRestorant/Site/vendor/laravel/framework/src/Illuminate/Foundation/Http/Middleware/CheckForMaintenanceMode.php(62): Illuminate\\Routing\\Pipeline->Illuminate\\Routing\\{closure}(Object(Illuminate\\Http\\Request))
#52 /Users/danieldimov/Documents/Projects/Mobidonia/CodeCanyon/MRestorant/Site/vendor/laravel/framework/src/Illuminate/Pipeline/Pipeline.php(163): Illuminate\\Foundation\\Http\\Middleware\\CheckForMaintenanceMode->handle(Object(Illuminate\\Http\\Request), Object(Closure))
#53 /Users/danieldimov/Documents/Projects/Mobidonia/CodeCanyon/MRestorant/Site/vendor/laravel/framework/src/Illuminate/Routing/Pipeline.php(53): Illuminate\\Pipeline\\Pipeline->Illuminate\\Pipeline\\{closure}(Object(Illuminate\\Http\\Request))
#54 /Users/danieldimov/Documents/Projects/Mobidonia/CodeCanyon/MRestorant/Site/vendor/fideloper/proxy/src/TrustProxies.php(57): Illuminate\\Routing\\Pipeline->Illuminate\\Routing\\{closure}(Object(Illuminate\\Http\\Request))
#55 /Users/danieldimov/Documents/Projects/Mobidonia/CodeCanyon/MRestorant/Site/vendor/laravel/framework/src/Illuminate/Pipeline/Pipeline.php(163): Fideloper\\Proxy\\TrustProxies->handle(Object(Illuminate\\Http\\Request), Object(Closure))
#56 /Users/danieldimov/Documents/Projects/Mobidonia/CodeCanyon/MRestorant/Site/vendor/laravel/framework/src/Illuminate/Routing/Pipeline.php(53): Illuminate\\Pipeline\\Pipeline->Illuminate\\Pipeline\\{closure}(Object(Illuminate\\Http\\Request))
#57 /Users/danieldimov/Documents/Projects/Mobidonia/CodeCanyon/MRestorant/Site/vendor/laravel/framework/src/Illuminate/Pipeline/Pipeline.php(104): Illuminate\\Routing\\Pipeline->Illuminate\\Routing\\{closure}(Object(Illuminate\\Http\\Request))
#58 /Users/danieldimov/Documents/Projects/Mobidonia/CodeCanyon/MRestorant/Site/vendor/laravel/framework/src/Illuminate/Foundation/Http/Kernel.php(151): Illuminate\\Pipeline\\Pipeline->then(Object(Closure))
#59 /Users/danieldimov/Documents/Projects/Mobidonia/CodeCanyon/MRestorant/Site/vendor/laravel/framework/src/Illuminate/Foundation/Http/Kernel.php(116): Illuminate\\Foundation\\Http\\Kernel->sendRequestThroughRouter(Object(Illuminate\\Http\\Request))
#60 /Users/danieldimov/Documents/Projects/Mobidonia/CodeCanyon/MRestorant/Site/public/index.php(55): Illuminate\\Foundation\\Http\\Kernel->handle(Object(Illuminate\\Http\\Request))
#61 /Users/danieldimov/Documents/Projects/Mobidonia/CodeCanyon/MRestorant/Site/server.php(21): require_once('/Users/danieldi...')
#62 {main}
"} 
[2020-09-06 09:13:59] local.ERROR: Trying to get property 'rating' of non-object {"userId":4,"exception":"[object] (ErrorException(code: 0): Trying to get property 'rating' of non-object at /Users/danieldimov/Documents/Projects/Mobidonia/CodeCanyon/MRestorant/Site/app/Http/Controllers/OrderController.php:654)
[stacktrace]
#0 /Users/danieldimov/Documents/Projects/Mobidonia/CodeCanyon/MRestorant/Site/app/Http/Controllers/OrderController.php(654): Illuminate\\Foundation\\Bootstrap\\HandleExceptions->handleError(8, 'Trying to get p...', '/Users/danieldi...', 654, Array)
#1 [internal function]: App\\Http\\Controllers\\OrderController->checkOrderRating(Object(App\\Order))
#2 /Users/danieldimov/Documents/Projects/Mobidonia/CodeCanyon/MRestorant/Site/vendor/laravel/framework/src/Illuminate/Routing/Controller.php(54): call_user_func_array(Array, Array)
#3 /Users/danieldimov/Documents/Projects/Mobidonia/CodeCanyon/MRestorant/Site/vendor/laravel/framework/src/Illuminate/Routing/ControllerDispatcher.php(45): Illuminate\\Routing\\Controller->callAction('checkOrderRatin...', Array)
#4 /Users/danieldimov/Documents/Projects/Mobidonia/CodeCanyon/MRestorant/Site/vendor/laravel/framework/src/Illuminate/Routing/Route.php(219): Illuminate\\Routing\\ControllerDispatcher->dispatch(Object(Illuminate\\Routing\\Route), Object(App\\Http\\Controllers\\OrderController), 'checkOrderRatin...')
#5 /Users/danieldimov/Documents/Projects/Mobidonia/CodeCanyon/MRestorant/Site/vendor/laravel/framework/src/Illuminate/Routing/Route.php(176): Illuminate\\Routing\\Route->runController()
#6 /Users/danieldimov/Documents/Projects/Mobidonia/CodeCanyon/MRestorant/Site/vendor/laravel/framework/src/Illuminate/Routing/Router.php(680): Illuminate\\Routing\\Route->run()
#7 /Users/danieldimov/Documents/Projects/Mobidonia/CodeCanyon/MRestorant/Site/vendor/laravel/framework/src/Illuminate/Routing/Pipeline.php(30): Illuminate\\Routing\\Router->Illuminate\\Routing\\{closure}(Object(Illuminate\\Http\\Request))
#8 /Users/danieldimov/Documents/Projects/Mobidonia/CodeCanyon/MRestorant/Site/vendor/laravel/framework/src/Illuminate/Routing/Middleware/SubstituteBindings.php(41): Illuminate\\Routing\\Pipeline->Illuminate\\Routing\\{closure}(Object(Illuminate\\Http\\Request))
#9 /Users/danieldimov/Documents/Projects/Mobidonia/CodeCanyon/MRestorant/Site/vendor/laravel/framework/src/Illuminate/Pipeline/Pipeline.php(163): Illuminate\\Routing\\Middleware\\SubstituteBindings->handle(Object(Illuminate\\Http\\Request), Object(Closure))
#10 /Users/danieldimov/Documents/Projects/Mobidonia/CodeCanyon/MRestorant/Site/vendor/laravel/framework/src/Illuminate/Routing/Pipeline.php(53): Illuminate\\Pipeline\\Pipeline->Illuminate\\Pipeline\\{closure}(Object(Illuminate\\Http\\Request))
#11 /Users/danieldimov/Documents/Projects/Mobidonia/CodeCanyon/MRestorant/Site/vendor/laravel/framework/src/Illuminate/Auth/Middleware/Authenticate.php(43): Illuminate\\Routing\\Pipeline->Illuminate\\Routing\\{closure}(Object(Illuminate\\Http\\Request))
#12 /Users/danieldimov/Documents/Projects/Mobidonia/CodeCanyon/MRestorant/Site/vendor/laravel/framework/src/Illuminate/Pipeline/Pipeline.php(163): Illuminate\\Auth\\Middleware\\Authenticate->handle(Object(Illuminate\\Http\\Request), Object(Closure))
#13 /Users/danieldimov/Documents/Projects/Mobidonia/CodeCanyon/MRestorant/Site/vendor/laravel/framework/src/Illuminate/Routing/Pipeline.php(53): Illuminate\\Pipeline\\Pipeline->Illuminate\\Pipeline\\{closure}(Object(Illuminate\\Http\\Request))
#14 /Users/danieldimov/Documents/Projects/Mobidonia/CodeCanyon/MRestorant/Site/vendor/laravel/framework/src/Illuminate/Foundation/Http/Middleware/VerifyCsrfToken.php(75): Illuminate\\Routing\\Pipeline->Illuminate\\Routing\\{closure}(Object(Illuminate\\Http\\Request))
#15 /Users/danieldimov/Documents/Projects/Mobidonia/CodeCanyon/MRestorant/Site/vendor/laravel/framework/src/Illuminate/Pipeline/Pipeline.php(163): Illuminate\\Foundation\\Http\\Middleware\\VerifyCsrfToken->handle(Object(Illuminate\\Http\\Request), Object(Closure))
#16 /Users/danieldimov/Documents/Projects/Mobidonia/CodeCanyon/MRestorant/Site/vendor/laravel/framework/src/Illuminate/Routing/Pipeline.php(53): Illuminate\\Pipeline\\Pipeline->Illuminate\\Pipeline\\{closure}(Object(Illuminate\\Http\\Request))
#17 /Users/danieldimov/Documents/Projects/Mobidonia/CodeCanyon/MRestorant/Site/vendor/laravel/framework/src/Illuminate/View/Middleware/ShareErrorsFromSession.php(49): Illuminate\\Routing\\Pipeline->Illuminate\\Routing\\{closure}(Object(Illuminate\\Http\\Request))
#18 /Users/danieldimov/Documents/Projects/Mobidonia/CodeCanyon/MRestorant/Site/vendor/laravel/framework/src/Illuminate/Pipeline/Pipeline.php(163): Illuminate\\View\\Middleware\\ShareErrorsFromSession->handle(Object(Illuminate\\Http\\Request), Object(Closure))
#19 /Users/danieldimov/Documents/Projects/Mobidonia/CodeCanyon/MRestorant/Site/vendor/laravel/framework/src/Illuminate/Routing/Pipeline.php(53): Illuminate\\Pipeline\\Pipeline->Illuminate\\Pipeline\\{closure}(Object(Illuminate\\Http\\Request))
#20 /Users/danieldimov/Documents/Projects/Mobidonia/CodeCanyon/MRestorant/Site/vendor/laravel/framework/src/Illuminate/Session/Middleware/StartSession.php(56): Illuminate\\Routing\\Pipeline->Illuminate\\Routing\\{closure}(Object(Illuminate\\Http\\Request))
#21 /Users/danieldimov/Documents/Projects/Mobidonia/CodeCanyon/MRestorant/Site/vendor/laravel/framework/src/Illuminate/Pipeline/Pipeline.php(163): Illuminate\\Session\\Middleware\\StartSession->handle(Object(Illuminate\\Http\\Request), Object(Closure))
#22 /Users/danieldimov/Documents/Projects/Mobidonia/CodeCanyon/MRestorant/Site/vendor/laravel/framework/src/Illuminate/Routing/Pipeline.php(53): Illuminate\\Pipeline\\Pipeline->Illuminate\\Pipeline\\{closure}(Object(Illuminate\\Http\\Request))
#23 /Users/danieldimov/Documents/Projects/Mobidonia/CodeCanyon/MRestorant/Site/vendor/laravel/framework/src/Illuminate/Cookie/Middleware/AddQueuedCookiesToResponse.php(37): Illuminate\\Routing\\Pipeline->Illuminate\\Routing\\{closure}(Object(Illuminate\\Http\\Request))
#24 /Users/danieldimov/Documents/Projects/Mobidonia/CodeCanyon/MRestorant/Site/vendor/laravel/framework/src/Illuminate/Pipeline/Pipeline.php(163): Illuminate\\Cookie\\Middleware\\AddQueuedCookiesToResponse->handle(Object(Illuminate\\Http\\Request), Object(Closure))
#25 /Users/danieldimov/Documents/Projects/Mobidonia/CodeCanyon/MRestorant/Site/vendor/laravel/framework/src/Illuminate/Routing/Pipeline.php(53): Illuminate\\Pipeline\\Pipeline->Illuminate\\Pipeline\\{closure}(Object(Illuminate\\Http\\Request))
#26 /Users/danieldimov/Documents/Projects/Mobidonia/CodeCanyon/MRestorant/Site/vendor/laravel/framework/src/Illuminate/Cookie/Middleware/EncryptCookies.php(66): Illuminate\\Routing\\Pipeline->Illuminate\\Routing\\{closure}(Object(Illuminate\\Http\\Request))
#27 /Users/danieldimov/Documents/Projects/Mobidonia/CodeCanyon/MRestorant/Site/vendor/laravel/framework/src/Illuminate/Pipeline/Pipeline.php(163): Illuminate\\Cookie\\Middleware\\EncryptCookies->handle(Object(Illuminate\\Http\\Request), Object(Closure))
#28 /Users/danieldimov/Documents/Projects/Mobidonia/CodeCanyon/MRestorant/Site/vendor/laravel/framework/src/Illuminate/Routing/Pipeline.php(53): Illuminate\\Pipeline\\Pipeline->Illuminate\\Pipeline\\{closure}(Object(Illuminate\\Http\\Request))
#29 /Users/danieldimov/Documents/Projects/Mobidonia/CodeCanyon/MRestorant/Site/vendor/laravel/framework/src/Illuminate/Pipeline/Pipeline.php(104): Illuminate\\Routing\\Pipeline->Illuminate\\Routing\\{closure}(Object(Illuminate\\Http\\Request))
#30 /Users/danieldimov/Documents/Projects/Mobidonia/CodeCanyon/MRestorant/Site/vendor/laravel/framework/src/Illuminate/Routing/Router.php(682): Illuminate\\Pipeline\\Pipeline->then(Object(Closure))
#31 /Users/danieldimov/Documents/Projects/Mobidonia/CodeCanyon/MRestorant/Site/vendor/laravel/framework/src/Illuminate/Routing/Router.php(657): Illuminate\\Routing\\Router->runRouteWithinStack(Object(Illuminate\\Routing\\Route), Object(Illuminate\\Http\\Request))
#32 /Users/danieldimov/Documents/Projects/Mobidonia/CodeCanyon/MRestorant/Site/vendor/laravel/framework/src/Illuminate/Routing/Router.php(623): Illuminate\\Routing\\Router->runRoute(Object(Illuminate\\Http\\Request), Object(Illuminate\\Routing\\Route))
#33 /Users/danieldimov/Documents/Projects/Mobidonia/CodeCanyon/MRestorant/Site/vendor/laravel/framework/src/Illuminate/Routing/Router.php(612): Illuminate\\Routing\\Router->dispatchToRoute(Object(Illuminate\\Http\\Request))
#34 /Users/danieldimov/Documents/Projects/Mobidonia/CodeCanyon/MRestorant/Site/vendor/laravel/framework/src/Illuminate/Foundation/Http/Kernel.php(176): Illuminate\\Routing\\Router->dispatch(Object(Illuminate\\Http\\Request))
#35 /Users/danieldimov/Documents/Projects/Mobidonia/CodeCanyon/MRestorant/Site/vendor/laravel/framework/src/Illuminate/Routing/Pipeline.php(30): Illuminate\\Foundation\\Http\\Kernel->Illuminate\\Foundation\\Http\\{closure}(Object(Illuminate\\Http\\Request))
#36 /Users/danieldimov/Documents/Projects/Mobidonia/CodeCanyon/MRestorant/Site/vendor/barryvdh/laravel-debugbar/src/Middleware/InjectDebugbar.php(65): Illuminate\\Routing\\Pipeline->Illuminate\\Routing\\{closure}(Object(Illuminate\\Http\\Request))
#37 /Users/danieldimov/Documents/Projects/Mobidonia/CodeCanyon/MRestorant/Site/vendor/laravel/framework/src/Illuminate/Pipeline/Pipeline.php(163): Barryvdh\\Debugbar\\Middleware\\InjectDebugbar->handle(Object(Illuminate\\Http\\Request), Object(Closure))
#38 /Users/danieldimov/Documents/Projects/Mobidonia/CodeCanyon/MRestorant/Site/vendor/laravel/framework/src/Illuminate/Routing/Pipeline.php(53): Illuminate\\Pipeline\\Pipeline->Illuminate\\Pipeline\\{closure}(Object(Illuminate\\Http\\Request))
#39 /Users/danieldimov/Documents/Projects/Mobidonia/CodeCanyon/MRestorant/Site/vendor/laravel/framework/src/Illuminate/Foundation/Http/Middleware/TransformsRequest.php(21): Illuminate\\Routing\\Pipeline->Illuminate\\Routing\\{closure}(Object(Illuminate\\Http\\Request))
#40 /Users/danieldimov/Documents/Projects/Mobidonia/CodeCanyon/MRestorant/Site/vendor/laravel/framework/src/Illuminate/Pipeline/Pipeline.php(163): Illuminate\\Foundation\\Http\\Middleware\\TransformsRequest->handle(Object(Illuminate\\Http\\Request), Object(Closure))
#41 /Users/danieldimov/Documents/Projects/Mobidonia/CodeCanyon/MRestorant/Site/vendor/laravel/framework/src/Illuminate/Routing/Pipeline.php(53): Illuminate\\Pipeline\\Pipeline->Illuminate\\Pipeline\\{closure}(Object(Illuminate\\Http\\Request))
#42 /Users/danieldimov/Documents/Projects/Mobidonia/CodeCanyon/MRestorant/Site/vendor/laravel/framework/src/Illuminate/Foundation/Http/Middleware/TransformsRequest.php(21): Illuminate\\Routing\\Pipeline->Illuminate\\Routing\\{closure}(Object(Illuminate\\Http\\Request))
#43 /Users/danieldimov/Documents/Projects/Mobidonia/CodeCanyon/MRestorant/Site/vendor/laravel/framework/src/Illuminate/Pipeline/Pipeline.php(163): Illuminate\\Foundation\\Http\\Middleware\\TransformsRequest->handle(Object(Illuminate\\Http\\Request), Object(Closure))
#44 /Users/danieldimov/Documents/Projects/Mobidonia/CodeCanyon/MRestorant/Site/vendor/laravel/framework/src/Illuminate/Routing/Pipeline.php(53): Illuminate\\Pipeline\\Pipeline->Illuminate\\Pipeline\\{closure}(Object(Illuminate\\Http\\Request))
#45 /Users/danieldimov/Documents/Projects/Mobidonia/CodeCanyon/MRestorant/Site/vendor/laravel/framework/src/Illuminate/Foundation/Http/Middleware/ValidatePostSize.php(27): Illuminate\\Routing\\Pipeline->Illuminate\\Routing\\{closure}(Object(Illuminate\\Http\\Request))
#46 /Users/danieldimov/Documents/Projects/Mobidonia/CodeCanyon/MRestorant/Site/vendor/laravel/framework/src/Illuminate/Pipeline/Pipeline.php(163): Illuminate\\Foundation\\Http\\Middleware\\ValidatePostSize->handle(Object(Illuminate\\Http\\Request), Object(Closure))
#47 /Users/danieldimov/Documents/Projects/Mobidonia/CodeCanyon/MRestorant/Site/vendor/laravel/framework/src/Illuminate/Routing/Pipeline.php(53): Illuminate\\Pipeline\\Pipeline->Illuminate\\Pipeline\\{closure}(Object(Illuminate\\Http\\Request))
#48 /Users/danieldimov/Documents/Projects/Mobidonia/CodeCanyon/MRestorant/Site/vendor/laravel/framework/src/Illuminate/Foundation/Http/Middleware/CheckForMaintenanceMode.php(62): Illuminate\\Routing\\Pipeline->Illuminate\\Routing\\{closure}(Object(Illuminate\\Http\\Request))
#49 /Users/danieldimov/Documents/Projects/Mobidonia/CodeCanyon/MRestorant/Site/vendor/laravel/framework/src/Illuminate/Pipeline/Pipeline.php(163): Illuminate\\Foundation\\Http\\Middleware\\CheckForMaintenanceMode->handle(Object(Illuminate\\Http\\Request), Object(Closure))
#50 /Users/danieldimov/Documents/Projects/Mobidonia/CodeCanyon/MRestorant/Site/vendor/laravel/framework/src/Illuminate/Routing/Pipeline.php(53): Illuminate\\Pipeline\\Pipeline->Illuminate\\Pipeline\\{closure}(Object(Illuminate\\Http\\Request))
#51 /Users/danieldimov/Documents/Projects/Mobidonia/CodeCanyon/MRestorant/Site/vendor/fideloper/proxy/src/TrustProxies.php(57): Illuminate\\Routing\\Pipeline->Illuminate\\Routing\\{closure}(Object(Illuminate\\Http\\Request))
#52 /Users/danieldimov/Documents/Projects/Mobidonia/CodeCanyon/MRestorant/Site/vendor/laravel/framework/src/Illuminate/Pipeline/Pipeline.php(163): Fideloper\\Proxy\\TrustProxies->handle(Object(Illuminate\\Http\\Request), Object(Closure))
#53 /Users/danieldimov/Documents/Projects/Mobidonia/CodeCanyon/MRestorant/Site/vendor/laravel/framework/src/Illuminate/Routing/Pipeline.php(53): Illuminate\\Pipeline\\Pipeline->Illuminate\\Pipeline\\{closure}(Object(Illuminate\\Http\\Request))
#54 /Users/danieldimov/Documents/Projects/Mobidonia/CodeCanyon/MRestorant/Site/vendor/laravel/framework/src/Illuminate/Pipeline/Pipeline.php(104): Illuminate\\Routing\\Pipeline->Illuminate\\Routing\\{closure}(Object(Illuminate\\Http\\Request))
#55 /Users/danieldimov/Documents/Projects/Mobidonia/CodeCanyon/MRestorant/Site/vendor/laravel/framework/src/Illuminate/Foundation/Http/Kernel.php(151): Illuminate\\Pipeline\\Pipeline->then(Object(Closure))
#56 /Users/danieldimov/Documents/Projects/Mobidonia/CodeCanyon/MRestorant/Site/vendor/laravel/framework/src/Illuminate/Foundation/Http/Kernel.php(116): Illuminate\\Foundation\\Http\\Kernel->sendRequestThroughRouter(Object(Illuminate\\Http\\Request))
#57 /Users/danieldimov/Documents/Projects/Mobidonia/CodeCanyon/MRestorant/Site/public/index.php(55): Illuminate\\Foundation\\Http\\Kernel->handle(Object(Illuminate\\Http\\Request))
#58 /Users/danieldimov/Documents/Projects/Mobidonia/CodeCanyon/MRestorant/Site/server.php(21): require_once('/Users/danieldi...')
#59 {main}
"} 
[2020-09-06 10:16:40] local.ERROR: Route [reviews.delete] not defined. (View: /Users/danieldimov/Documents/Projects/Mobidonia/CodeCanyon/MRestorant/Site/resources/views/reviews/index.blade.php) {"userId":1,"exception":"[object] (ErrorException(code: 0): Route [reviews.delete] not defined. (View: /Users/danieldimov/Documents/Projects/Mobidonia/CodeCanyon/MRestorant/Site/resources/views/reviews/index.blade.php) at /Users/danieldimov/Documents/Projects/Mobidonia/CodeCanyon/MRestorant/Site/vendor/laravel/framework/src/Illuminate/Routing/UrlGenerator.php:388, InvalidArgumentException(code: 0): Route [reviews.delete] not defined. at /Users/danieldimov/Documents/Projects/Mobidonia/CodeCanyon/MRestorant/Site/vendor/laravel/framework/src/Illuminate/Routing/UrlGenerator.php:388)
[stacktrace]
#0 /Users/danieldimov/Documents/Projects/Mobidonia/CodeCanyon/MRestorant/Site/vendor/laravel/framework/src/Illuminate/View/Engines/PhpEngine.php(45): Illuminate\\View\\Engines\\CompilerEngine->handleViewException(Object(InvalidArgumentException), 1)
#1 /Users/danieldimov/Documents/Projects/Mobidonia/CodeCanyon/MRestorant/Site/vendor/laravel/framework/src/Illuminate/View/Engines/CompilerEngine.php(59): Illuminate\\View\\Engines\\PhpEngine->evaluatePath('/Users/danieldi...', Array)
#2 /Users/danieldimov/Documents/Projects/Mobidonia/CodeCanyon/MRestorant/Site/vendor/laravel/framework/src/Illuminate/View/View.php(142): Illuminate\\View\\Engines\\CompilerEngine->get('/Users/danieldi...', Array)
#3 /Users/danieldimov/Documents/Projects/Mobidonia/CodeCanyon/MRestorant/Site/vendor/laravel/framework/src/Illuminate/View/View.php(125): Illuminate\\View\\View->getContents()
#4 /Users/danieldimov/Documents/Projects/Mobidonia/CodeCanyon/MRestorant/Site/vendor/laravel/framework/src/Illuminate/View/View.php(90): Illuminate\\View\\View->renderContents()
#5 /Users/danieldimov/Documents/Projects/Mobidonia/CodeCanyon/MRestorant/Site/vendor/laravel/framework/src/Illuminate/Http/Response.php(42): Illuminate\\View\\View->render()
#6 /Users/danieldimov/Documents/Projects/Mobidonia/CodeCanyon/MRestorant/Site/vendor/symfony/http-foundation/Response.php(205): Illuminate\\Http\\Response->setContent(Object(Illuminate\\View\\View))
#7 /Users/danieldimov/Documents/Projects/Mobidonia/CodeCanyon/MRestorant/Site/vendor/laravel/framework/src/Illuminate/Routing/Router.php(748): Symfony\\Component\\HttpFoundation\\Response->__construct(Object(Illuminate\\View\\View))
#8 /Users/danieldimov/Documents/Projects/Mobidonia/CodeCanyon/MRestorant/Site/vendor/laravel/framework/src/Illuminate/Routing/Router.php(720): Illuminate\\Routing\\Router::toResponse(Object(Illuminate\\Http\\Request), Object(Illuminate\\View\\View))
#9 /Users/danieldimov/Documents/Projects/Mobidonia/CodeCanyon/MRestorant/Site/vendor/laravel/framework/src/Illuminate/Routing/Router.php(680): Illuminate\\Routing\\Router->prepareResponse(Object(Illuminate\\Http\\Request), Object(Illuminate\\View\\View))
#10 /Users/danieldimov/Documents/Projects/Mobidonia/CodeCanyon/MRestorant/Site/vendor/laravel/framework/src/Illuminate/Routing/Pipeline.php(30): Illuminate\\Routing\\Router->Illuminate\\Routing\\{closure}(Object(Illuminate\\Http\\Request))
#11 /Users/danieldimov/Documents/Projects/Mobidonia/CodeCanyon/MRestorant/Site/vendor/laravel/framework/src/Illuminate/Routing/Middleware/SubstituteBindings.php(41): Illuminate\\Routing\\Pipeline->Illuminate\\Routing\\{closure}(Object(Illuminate\\Http\\Request))
#12 /Users/danieldimov/Documents/Projects/Mobidonia/CodeCanyon/MRestorant/Site/vendor/laravel/framework/src/Illuminate/Pipeline/Pipeline.php(163): Illuminate\\Routing\\Middleware\\SubstituteBindings->handle(Object(Illuminate\\Http\\Request), Object(Closure))
#13 /Users/danieldimov/Documents/Projects/Mobidonia/CodeCanyon/MRestorant/Site/vendor/laravel/framework/src/Illuminate/Routing/Pipeline.php(53): Illuminate\\Pipeline\\Pipeline->Illuminate\\Pipeline\\{closure}(Object(Illuminate\\Http\\Request))
#14 /Users/danieldimov/Documents/Projects/Mobidonia/CodeCanyon/MRestorant/Site/vendor/laravel/framework/src/Illuminate/Auth/Middleware/Authenticate.php(43): Illuminate\\Routing\\Pipeline->Illuminate\\Routing\\{closure}(Object(Illuminate\\Http\\Request))
#15 /Users/danieldimov/Documents/Projects/Mobidonia/CodeCanyon/MRestorant/Site/vendor/laravel/framework/src/Illuminate/Pipeline/Pipeline.php(163): Illuminate\\Auth\\Middleware\\Authenticate->handle(Object(Illuminate\\Http\\Request), Object(Closure))
#16 /Users/danieldimov/Documents/Projects/Mobidonia/CodeCanyon/MRestorant/Site/vendor/laravel/framework/src/Illuminate/Routing/Pipeline.php(53): Illuminate\\Pipeline\\Pipeline->Illuminate\\Pipeline\\{closure}(Object(Illuminate\\Http\\Request))
#17 /Users/danieldimov/Documents/Projects/Mobidonia/CodeCanyon/MRestorant/Site/vendor/laravel/framework/src/Illuminate/Foundation/Http/Middleware/VerifyCsrfToken.php(75): Illuminate\\Routing\\Pipeline->Illuminate\\Routing\\{closure}(Object(Illuminate\\Http\\Request))
#18 /Users/danieldimov/Documents/Projects/Mobidonia/CodeCanyon/MRestorant/Site/vendor/laravel/framework/src/Illuminate/Pipeline/Pipeline.php(163): Illuminate\\Foundation\\Http\\Middleware\\VerifyCsrfToken->handle(Object(Illuminate\\Http\\Request), Object(Closure))
#19 /Users/danieldimov/Documents/Projects/Mobidonia/CodeCanyon/MRestorant/Site/vendor/laravel/framework/src/Illuminate/Routing/Pipeline.php(53): Illuminate\\Pipeline\\Pipeline->Illuminate\\Pipeline\\{closure}(Object(Illuminate\\Http\\Request))
#20 /Users/danieldimov/Documents/Projects/Mobidonia/CodeCanyon/MRestorant/Site/vendor/laravel/framework/src/Illuminate/View/Middleware/ShareErrorsFromSession.php(49): Illuminate\\Routing\\Pipeline->Illuminate\\Routing\\{closure}(Object(Illuminate\\Http\\Request))
#21 /Users/danieldimov/Documents/Projects/Mobidonia/CodeCanyon/MRestorant/Site/vendor/laravel/framework/src/Illuminate/Pipeline/Pipeline.php(163): Illuminate\\View\\Middleware\\ShareErrorsFromSession->handle(Object(Illuminate\\Http\\Request), Object(Closure))
#22 /Users/danieldimov/Documents/Projects/Mobidonia/CodeCanyon/MRestorant/Site/vendor/laravel/framework/src/Illuminate/Routing/Pipeline.php(53): Illuminate\\Pipeline\\Pipeline->Illuminate\\Pipeline\\{closure}(Object(Illuminate\\Http\\Request))
#23 /Users/danieldimov/Documents/Projects/Mobidonia/CodeCanyon/MRestorant/Site/vendor/laravel/framework/src/Illuminate/Session/Middleware/StartSession.php(56): Illuminate\\Routing\\Pipeline->Illuminate\\Routing\\{closure}(Object(Illuminate\\Http\\Request))
#24 /Users/danieldimov/Documents/Projects/Mobidonia/CodeCanyon/MRestorant/Site/vendor/laravel/framework/src/Illuminate/Pipeline/Pipeline.php(163): Illuminate\\Session\\Middleware\\StartSession->handle(Object(Illuminate\\Http\\Request), Object(Closure))
#25 /Users/danieldimov/Documents/Projects/Mobidonia/CodeCanyon/MRestorant/Site/vendor/laravel/framework/src/Illuminate/Routing/Pipeline.php(53): Illuminate\\Pipeline\\Pipeline->Illuminate\\Pipeline\\{closure}(Object(Illuminate\\Http\\Request))
#26 /Users/danieldimov/Documents/Projects/Mobidonia/CodeCanyon/MRestorant/Site/vendor/laravel/framework/src/Illuminate/Cookie/Middleware/AddQueuedCookiesToResponse.php(37): Illuminate\\Routing\\Pipeline->Illuminate\\Routing\\{closure}(Object(Illuminate\\Http\\Request))
#27 /Users/danieldimov/Documents/Projects/Mobidonia/CodeCanyon/MRestorant/Site/vendor/laravel/framework/src/Illuminate/Pipeline/Pipeline.php(163): Illuminate\\Cookie\\Middleware\\AddQueuedCookiesToResponse->handle(Object(Illuminate\\Http\\Request), Object(Closure))
#28 /Users/danieldimov/Documents/Projects/Mobidonia/CodeCanyon/MRestorant/Site/vendor/laravel/framework/src/Illuminate/Routing/Pipeline.php(53): Illuminate\\Pipeline\\Pipeline->Illuminate\\Pipeline\\{closure}(Object(Illuminate\\Http\\Request))
#29 /Users/danieldimov/Documents/Projects/Mobidonia/CodeCanyon/MRestorant/Site/vendor/laravel/framework/src/Illuminate/Cookie/Middleware/EncryptCookies.php(66): Illuminate\\Routing\\Pipeline->Illuminate\\Routing\\{closure}(Object(Illuminate\\Http\\Request))
#30 /Users/danieldimov/Documents/Projects/Mobidonia/CodeCanyon/MRestorant/Site/vendor/laravel/framework/src/Illuminate/Pipeline/Pipeline.php(163): Illuminate\\Cookie\\Middleware\\EncryptCookies->handle(Object(Illuminate\\Http\\Request), Object(Closure))
#31 /Users/danieldimov/Documents/Projects/Mobidonia/CodeCanyon/MRestorant/Site/vendor/laravel/framework/src/Illuminate/Routing/Pipeline.php(53): Illuminate\\Pipeline\\Pipeline->Illuminate\\Pipeline\\{closure}(Object(Illuminate\\Http\\Request))
#32 /Users/danieldimov/Documents/Projects/Mobidonia/CodeCanyon/MRestorant/Site/vendor/laravel/framework/src/Illuminate/Pipeline/Pipeline.php(104): Illuminate\\Routing\\Pipeline->Illuminate\\Routing\\{closure}(Object(Illuminate\\Http\\Request))
#33 /Users/danieldimov/Documents/Projects/Mobidonia/CodeCanyon/MRestorant/Site/vendor/laravel/framework/src/Illuminate/Routing/Router.php(682): Illuminate\\Pipeline\\Pipeline->then(Object(Closure))
#34 /Users/danieldimov/Documents/Projects/Mobidonia/CodeCanyon/MRestorant/Site/vendor/laravel/framework/src/Illuminate/Routing/Router.php(657): Illuminate\\Routing\\Router->runRouteWithinStack(Object(Illuminate\\Routing\\Route), Object(Illuminate\\Http\\Request))
#35 /Users/danieldimov/Documents/Projects/Mobidonia/CodeCanyon/MRestorant/Site/vendor/laravel/framework/src/Illuminate/Routing/Router.php(623): Illuminate\\Routing\\Router->runRoute(Object(Illuminate\\Http\\Request), Object(Illuminate\\Routing\\Route))
#36 /Users/danieldimov/Documents/Projects/Mobidonia/CodeCanyon/MRestorant/Site/vendor/laravel/framework/src/Illuminate/Routing/Router.php(612): Illuminate\\Routing\\Router->dispatchToRoute(Object(Illuminate\\Http\\Request))
#37 /Users/danieldimov/Documents/Projects/Mobidonia/CodeCanyon/MRestorant/Site/vendor/laravel/framework/src/Illuminate/Foundation/Http/Kernel.php(176): Illuminate\\Routing\\Router->dispatch(Object(Illuminate\\Http\\Request))
#38 /Users/danieldimov/Documents/Projects/Mobidonia/CodeCanyon/MRestorant/Site/vendor/laravel/framework/src/Illuminate/Routing/Pipeline.php(30): Illuminate\\Foundation\\Http\\Kernel->Illuminate\\Foundation\\Http\\{closure}(Object(Illuminate\\Http\\Request))
#39 /Users/danieldimov/Documents/Projects/Mobidonia/CodeCanyon/MRestorant/Site/vendor/barryvdh/laravel-debugbar/src/Middleware/InjectDebugbar.php(65): Illuminate\\Routing\\Pipeline->Illuminate\\Routing\\{closure}(Object(Illuminate\\Http\\Request))
#40 /Users/danieldimov/Documents/Projects/Mobidonia/CodeCanyon/MRestorant/Site/vendor/laravel/framework/src/Illuminate/Pipeline/Pipeline.php(163): Barryvdh\\Debugbar\\Middleware\\InjectDebugbar->handle(Object(Illuminate\\Http\\Request), Object(Closure))
#41 /Users/danieldimov/Documents/Projects/Mobidonia/CodeCanyon/MRestorant/Site/vendor/laravel/framework/src/Illuminate/Routing/Pipeline.php(53): Illuminate\\Pipeline\\Pipeline->Illuminate\\Pipeline\\{closure}(Object(Illuminate\\Http\\Request))
#42 /Users/danieldimov/Documents/Projects/Mobidonia/CodeCanyon/MRestorant/Site/vendor/laravel/framework/src/Illuminate/Foundation/Http/Middleware/TransformsRequest.php(21): Illuminate\\Routing\\Pipeline->Illuminate\\Routing\\{closure}(Object(Illuminate\\Http\\Request))
#43 /Users/danieldimov/Documents/Projects/Mobidonia/CodeCanyon/MRestorant/Site/vendor/laravel/framework/src/Illuminate/Pipeline/Pipeline.php(163): Illuminate\\Foundation\\Http\\Middleware\\TransformsRequest->handle(Object(Illuminate\\Http\\Request), Object(Closure))
#44 /Users/danieldimov/Documents/Projects/Mobidonia/CodeCanyon/MRestorant/Site/vendor/laravel/framework/src/Illuminate/Routing/Pipeline.php(53): Illuminate\\Pipeline\\Pipeline->Illuminate\\Pipeline\\{closure}(Object(Illuminate\\Http\\Request))
#45 /Users/danieldimov/Documents/Projects/Mobidonia/CodeCanyon/MRestorant/Site/vendor/laravel/framework/src/Illuminate/Foundation/Http/Middleware/TransformsRequest.php(21): Illuminate\\Routing\\Pipeline->Illuminate\\Routing\\{closure}(Object(Illuminate\\Http\\Request))
#46 /Users/danieldimov/Documents/Projects/Mobidonia/CodeCanyon/MRestorant/Site/vendor/laravel/framework/src/Illuminate/Pipeline/Pipeline.php(163): Illuminate\\Foundation\\Http\\Middleware\\TransformsRequest->handle(Object(Illuminate\\Http\\Request), Object(Closure))
#47 /Users/danieldimov/Documents/Projects/Mobidonia/CodeCanyon/MRestorant/Site/vendor/laravel/framework/src/Illuminate/Routing/Pipeline.php(53): Illuminate\\Pipeline\\Pipeline->Illuminate\\Pipeline\\{closure}(Object(Illuminate\\Http\\Request))
#48 /Users/danieldimov/Documents/Projects/Mobidonia/CodeCanyon/MRestorant/Site/vendor/laravel/framework/src/Illuminate/Foundation/Http/Middleware/ValidatePostSize.php(27): Illuminate\\Routing\\Pipeline->Illuminate\\Routing\\{closure}(Object(Illuminate\\Http\\Request))
#49 /Users/danieldimov/Documents/Projects/Mobidonia/CodeCanyon/MRestorant/Site/vendor/laravel/framework/src/Illuminate/Pipeline/Pipeline.php(163): Illuminate\\Foundation\\Http\\Middleware\\ValidatePostSize->handle(Object(Illuminate\\Http\\Request), Object(Closure))
#50 /Users/danieldimov/Documents/Projects/Mobidonia/CodeCanyon/MRestorant/Site/vendor/laravel/framework/src/Illuminate/Routing/Pipeline.php(53): Illuminate\\Pipeline\\Pipeline->Illuminate\\Pipeline\\{closure}(Object(Illuminate\\Http\\Request))
#51 /Users/danieldimov/Documents/Projects/Mobidonia/CodeCanyon/MRestorant/Site/vendor/laravel/framework/src/Illuminate/Foundation/Http/Middleware/CheckForMaintenanceMode.php(62): Illuminate\\Routing\\Pipeline->Illuminate\\Routing\\{closure}(Object(Illuminate\\Http\\Request))
#52 /Users/danieldimov/Documents/Projects/Mobidonia/CodeCanyon/MRestorant/Site/vendor/laravel/framework/src/Illuminate/Pipeline/Pipeline.php(163): Illuminate\\Foundation\\Http\\Middleware\\CheckForMaintenanceMode->handle(Object(Illuminate\\Http\\Request), Object(Closure))
#53 /Users/danieldimov/Documents/Projects/Mobidonia/CodeCanyon/MRestorant/Site/vendor/laravel/framework/src/Illuminate/Routing/Pipeline.php(53): Illuminate\\Pipeline\\Pipeline->Illuminate\\Pipeline\\{closure}(Object(Illuminate\\Http\\Request))
#54 /Users/danieldimov/Documents/Projects/Mobidonia/CodeCanyon/MRestorant/Site/vendor/fideloper/proxy/src/TrustProxies.php(57): Illuminate\\Routing\\Pipeline->Illuminate\\Routing\\{closure}(Object(Illuminate\\Http\\Request))
#55 /Users/danieldimov/Documents/Projects/Mobidonia/CodeCanyon/MRestorant/Site/vendor/laravel/framework/src/Illuminate/Pipeline/Pipeline.php(163): Fideloper\\Proxy\\TrustProxies->handle(Object(Illuminate\\Http\\Request), Object(Closure))
#56 /Users/danieldimov/Documents/Projects/Mobidonia/CodeCanyon/MRestorant/Site/vendor/laravel/framework/src/Illuminate/Routing/Pipeline.php(53): Illuminate\\Pipeline\\Pipeline->Illuminate\\Pipeline\\{closure}(Object(Illuminate\\Http\\Request))
#57 /Users/danieldimov/Documents/Projects/Mobidonia/CodeCanyon/MRestorant/Site/vendor/laravel/framework/src/Illuminate/Pipeline/Pipeline.php(104): Illuminate\\Routing\\Pipeline->Illuminate\\Routing\\{closure}(Object(Illuminate\\Http\\Request))
#58 /Users/danieldimov/Documents/Projects/Mobidonia/CodeCanyon/MRestorant/Site/vendor/laravel/framework/src/Illuminate/Foundation/Http/Kernel.php(151): Illuminate\\Pipeline\\Pipeline->then(Object(Closure))
#59 /Users/danieldimov/Documents/Projects/Mobidonia/CodeCanyon/MRestorant/Site/vendor/laravel/framework/src/Illuminate/Foundation/Http/Kernel.php(116): Illuminate\\Foundation\\Http\\Kernel->sendRequestThroughRouter(Object(Illuminate\\Http\\Request))
#60 /Users/danieldimov/Documents/Projects/Mobidonia/CodeCanyon/MRestorant/Site/public/index.php(55): Illuminate\\Foundation\\Http\\Kernel->handle(Object(Illuminate\\Http\\Request))
#61 /Users/danieldimov/Documents/Projects/Mobidonia/CodeCanyon/MRestorant/Site/server.php(21): require_once('/Users/danieldi...')
#62 {main}
"} 
[2020-09-06 10:20:24] local.ERROR: Route [route.show] not defined. (View: /Users/danieldimov/Documents/Projects/Mobidonia/CodeCanyon/MRestorant/Site/resources/views/reviews/index.blade.php) {"userId":1,"exception":"[object] (ErrorException(code: 0): Route [route.show] not defined. (View: /Users/danieldimov/Documents/Projects/Mobidonia/CodeCanyon/MRestorant/Site/resources/views/reviews/index.blade.php) at /Users/danieldimov/Documents/Projects/Mobidonia/CodeCanyon/MRestorant/Site/vendor/laravel/framework/src/Illuminate/Routing/UrlGenerator.php:388, InvalidArgumentException(code: 0): Route [route.show] not defined. at /Users/danieldimov/Documents/Projects/Mobidonia/CodeCanyon/MRestorant/Site/vendor/laravel/framework/src/Illuminate/Routing/UrlGenerator.php:388)
[stacktrace]
#0 /Users/danieldimov/Documents/Projects/Mobidonia/CodeCanyon/MRestorant/Site/vendor/laravel/framework/src/Illuminate/View/Engines/PhpEngine.php(45): Illuminate\\View\\Engines\\CompilerEngine->handleViewException(Object(InvalidArgumentException), 1)
#1 /Users/danieldimov/Documents/Projects/Mobidonia/CodeCanyon/MRestorant/Site/vendor/laravel/framework/src/Illuminate/View/Engines/CompilerEngine.php(59): Illuminate\\View\\Engines\\PhpEngine->evaluatePath('/Users/danieldi...', Array)
#2 /Users/danieldimov/Documents/Projects/Mobidonia/CodeCanyon/MRestorant/Site/vendor/laravel/framework/src/Illuminate/View/View.php(142): Illuminate\\View\\Engines\\CompilerEngine->get('/Users/danieldi...', Array)
#3 /Users/danieldimov/Documents/Projects/Mobidonia/CodeCanyon/MRestorant/Site/vendor/laravel/framework/src/Illuminate/View/View.php(125): Illuminate\\View\\View->getContents()
#4 /Users/danieldimov/Documents/Projects/Mobidonia/CodeCanyon/MRestorant/Site/vendor/laravel/framework/src/Illuminate/View/View.php(90): Illuminate\\View\\View->renderContents()
#5 /Users/danieldimov/Documents/Projects/Mobidonia/CodeCanyon/MRestorant/Site/vendor/laravel/framework/src/Illuminate/Http/Response.php(42): Illuminate\\View\\View->render()
#6 /Users/danieldimov/Documents/Projects/Mobidonia/CodeCanyon/MRestorant/Site/vendor/symfony/http-foundation/Response.php(205): Illuminate\\Http\\Response->setContent(Object(Illuminate\\View\\View))
#7 /Users/danieldimov/Documents/Projects/Mobidonia/CodeCanyon/MRestorant/Site/vendor/laravel/framework/src/Illuminate/Routing/Router.php(748): Symfony\\Component\\HttpFoundation\\Response->__construct(Object(Illuminate\\View\\View))
#8 /Users/danieldimov/Documents/Projects/Mobidonia/CodeCanyon/MRestorant/Site/vendor/laravel/framework/src/Illuminate/Routing/Router.php(720): Illuminate\\Routing\\Router::toResponse(Object(Illuminate\\Http\\Request), Object(Illuminate\\View\\View))
#9 /Users/danieldimov/Documents/Projects/Mobidonia/CodeCanyon/MRestorant/Site/vendor/laravel/framework/src/Illuminate/Routing/Router.php(680): Illuminate\\Routing\\Router->prepareResponse(Object(Illuminate\\Http\\Request), Object(Illuminate\\View\\View))
#10 /Users/danieldimov/Documents/Projects/Mobidonia/CodeCanyon/MRestorant/Site/vendor/laravel/framework/src/Illuminate/Routing/Pipeline.php(30): Illuminate\\Routing\\Router->Illuminate\\Routing\\{closure}(Object(Illuminate\\Http\\Request))
#11 /Users/danieldimov/Documents/Projects/Mobidonia/CodeCanyon/MRestorant/Site/vendor/laravel/framework/src/Illuminate/Routing/Middleware/SubstituteBindings.php(41): Illuminate\\Routing\\Pipeline->Illuminate\\Routing\\{closure}(Object(Illuminate\\Http\\Request))
#12 /Users/danieldimov/Documents/Projects/Mobidonia/CodeCanyon/MRestorant/Site/vendor/laravel/framework/src/Illuminate/Pipeline/Pipeline.php(163): Illuminate\\Routing\\Middleware\\SubstituteBindings->handle(Object(Illuminate\\Http\\Request), Object(Closure))
#13 /Users/danieldimov/Documents/Projects/Mobidonia/CodeCanyon/MRestorant/Site/vendor/laravel/framework/src/Illuminate/Routing/Pipeline.php(53): Illuminate\\Pipeline\\Pipeline->Illuminate\\Pipeline\\{closure}(Object(Illuminate\\Http\\Request))
#14 /Users/danieldimov/Documents/Projects/Mobidonia/CodeCanyon/MRestorant/Site/vendor/laravel/framework/src/Illuminate/Auth/Middleware/Authenticate.php(43): Illuminate\\Routing\\Pipeline->Illuminate\\Routing\\{closure}(Object(Illuminate\\Http\\Request))
#15 /Users/danieldimov/Documents/Projects/Mobidonia/CodeCanyon/MRestorant/Site/vendor/laravel/framework/src/Illuminate/Pipeline/Pipeline.php(163): Illuminate\\Auth\\Middleware\\Authenticate->handle(Object(Illuminate\\Http\\Request), Object(Closure))
#16 /Users/danieldimov/Documents/Projects/Mobidonia/CodeCanyon/MRestorant/Site/vendor/laravel/framework/src/Illuminate/Routing/Pipeline.php(53): Illuminate\\Pipeline\\Pipeline->Illuminate\\Pipeline\\{closure}(Object(Illuminate\\Http\\Request))
#17 /Users/danieldimov/Documents/Projects/Mobidonia/CodeCanyon/MRestorant/Site/vendor/laravel/framework/src/Illuminate/Foundation/Http/Middleware/VerifyCsrfToken.php(75): Illuminate\\Routing\\Pipeline->Illuminate\\Routing\\{closure}(Object(Illuminate\\Http\\Request))
#18 /Users/danieldimov/Documents/Projects/Mobidonia/CodeCanyon/MRestorant/Site/vendor/laravel/framework/src/Illuminate/Pipeline/Pipeline.php(163): Illuminate\\Foundation\\Http\\Middleware\\VerifyCsrfToken->handle(Object(Illuminate\\Http\\Request), Object(Closure))
#19 /Users/danieldimov/Documents/Projects/Mobidonia/CodeCanyon/MRestorant/Site/vendor/laravel/framework/src/Illuminate/Routing/Pipeline.php(53): Illuminate\\Pipeline\\Pipeline->Illuminate\\Pipeline\\{closure}(Object(Illuminate\\Http\\Request))
#20 /Users/danieldimov/Documents/Projects/Mobidonia/CodeCanyon/MRestorant/Site/vendor/laravel/framework/src/Illuminate/View/Middleware/ShareErrorsFromSession.php(49): Illuminate\\Routing\\Pipeline->Illuminate\\Routing\\{closure}(Object(Illuminate\\Http\\Request))
#21 /Users/danieldimov/Documents/Projects/Mobidonia/CodeCanyon/MRestorant/Site/vendor/laravel/framework/src/Illuminate/Pipeline/Pipeline.php(163): Illuminate\\View\\Middleware\\ShareErrorsFromSession->handle(Object(Illuminate\\Http\\Request), Object(Closure))
#22 /Users/danieldimov/Documents/Projects/Mobidonia/CodeCanyon/MRestorant/Site/vendor/laravel/framework/src/Illuminate/Routing/Pipeline.php(53): Illuminate\\Pipeline\\Pipeline->Illuminate\\Pipeline\\{closure}(Object(Illuminate\\Http\\Request))
#23 /Users/danieldimov/Documents/Projects/Mobidonia/CodeCanyon/MRestorant/Site/vendor/laravel/framework/src/Illuminate/Session/Middleware/StartSession.php(56): Illuminate\\Routing\\Pipeline->Illuminate\\Routing\\{closure}(Object(Illuminate\\Http\\Request))
#24 /Users/danieldimov/Documents/Projects/Mobidonia/CodeCanyon/MRestorant/Site/vendor/laravel/framework/src/Illuminate/Pipeline/Pipeline.php(163): Illuminate\\Session\\Middleware\\StartSession->handle(Object(Illuminate\\Http\\Request), Object(Closure))
#25 /Users/danieldimov/Documents/Projects/Mobidonia/CodeCanyon/MRestorant/Site/vendor/laravel/framework/src/Illuminate/Routing/Pipeline.php(53): Illuminate\\Pipeline\\Pipeline->Illuminate\\Pipeline\\{closure}(Object(Illuminate\\Http\\Request))
#26 /Users/danieldimov/Documents/Projects/Mobidonia/CodeCanyon/MRestorant/Site/vendor/laravel/framework/src/Illuminate/Cookie/Middleware/AddQueuedCookiesToResponse.php(37): Illuminate\\Routing\\Pipeline->Illuminate\\Routing\\{closure}(Object(Illuminate\\Http\\Request))
#27 /Users/danieldimov/Documents/Projects/Mobidonia/CodeCanyon/MRestorant/Site/vendor/laravel/framework/src/Illuminate/Pipeline/Pipeline.php(163): Illuminate\\Cookie\\Middleware\\AddQueuedCookiesToResponse->handle(Object(Illuminate\\Http\\Request), Object(Closure))
#28 /Users/danieldimov/Documents/Projects/Mobidonia/CodeCanyon/MRestorant/Site/vendor/laravel/framework/src/Illuminate/Routing/Pipeline.php(53): Illuminate\\Pipeline\\Pipeline->Illuminate\\Pipeline\\{closure}(Object(Illuminate\\Http\\Request))
#29 /Users/danieldimov/Documents/Projects/Mobidonia/CodeCanyon/MRestorant/Site/vendor/laravel/framework/src/Illuminate/Cookie/Middleware/EncryptCookies.php(66): Illuminate\\Routing\\Pipeline->Illuminate\\Routing\\{closure}(Object(Illuminate\\Http\\Request))
#30 /Users/danieldimov/Documents/Projects/Mobidonia/CodeCanyon/MRestorant/Site/vendor/laravel/framework/src/Illuminate/Pipeline/Pipeline.php(163): Illuminate\\Cookie\\Middleware\\EncryptCookies->handle(Object(Illuminate\\Http\\Request), Object(Closure))
#31 /Users/danieldimov/Documents/Projects/Mobidonia/CodeCanyon/MRestorant/Site/vendor/laravel/framework/src/Illuminate/Routing/Pipeline.php(53): Illuminate\\Pipeline\\Pipeline->Illuminate\\Pipeline\\{closure}(Object(Illuminate\\Http\\Request))
#32 /Users/danieldimov/Documents/Projects/Mobidonia/CodeCanyon/MRestorant/Site/vendor/laravel/framework/src/Illuminate/Pipeline/Pipeline.php(104): Illuminate\\Routing\\Pipeline->Illuminate\\Routing\\{closure}(Object(Illuminate\\Http\\Request))
#33 /Users/danieldimov/Documents/Projects/Mobidonia/CodeCanyon/MRestorant/Site/vendor/laravel/framework/src/Illuminate/Routing/Router.php(682): Illuminate\\Pipeline\\Pipeline->then(Object(Closure))
#34 /Users/danieldimov/Documents/Projects/Mobidonia/CodeCanyon/MRestorant/Site/vendor/laravel/framework/src/Illuminate/Routing/Router.php(657): Illuminate\\Routing\\Router->runRouteWithinStack(Object(Illuminate\\Routing\\Route), Object(Illuminate\\Http\\Request))
#35 /Users/danieldimov/Documents/Projects/Mobidonia/CodeCanyon/MRestorant/Site/vendor/laravel/framework/src/Illuminate/Routing/Router.php(623): Illuminate\\Routing\\Router->runRoute(Object(Illuminate\\Http\\Request), Object(Illuminate\\Routing\\Route))
#36 /Users/danieldimov/Documents/Projects/Mobidonia/CodeCanyon/MRestorant/Site/vendor/laravel/framework/src/Illuminate/Routing/Router.php(612): Illuminate\\Routing\\Router->dispatchToRoute(Object(Illuminate\\Http\\Request))
#37 /Users/danieldimov/Documents/Projects/Mobidonia/CodeCanyon/MRestorant/Site/vendor/laravel/framework/src/Illuminate/Foundation/Http/Kernel.php(176): Illuminate\\Routing\\Router->dispatch(Object(Illuminate\\Http\\Request))
#38 /Users/danieldimov/Documents/Projects/Mobidonia/CodeCanyon/MRestorant/Site/vendor/laravel/framework/src/Illuminate/Routing/Pipeline.php(30): Illuminate\\Foundation\\Http\\Kernel->Illuminate\\Foundation\\Http\\{closure}(Object(Illuminate\\Http\\Request))
#39 /Users/danieldimov/Documents/Projects/Mobidonia/CodeCanyon/MRestorant/Site/vendor/barryvdh/laravel-debugbar/src/Middleware/InjectDebugbar.php(65): Illuminate\\Routing\\Pipeline->Illuminate\\Routing\\{closure}(Object(Illuminate\\Http\\Request))
#40 /Users/danieldimov/Documents/Projects/Mobidonia/CodeCanyon/MRestorant/Site/vendor/laravel/framework/src/Illuminate/Pipeline/Pipeline.php(163): Barryvdh\\Debugbar\\Middleware\\InjectDebugbar->handle(Object(Illuminate\\Http\\Request), Object(Closure))
#41 /Users/danieldimov/Documents/Projects/Mobidonia/CodeCanyon/MRestorant/Site/vendor/laravel/framework/src/Illuminate/Routing/Pipeline.php(53): Illuminate\\Pipeline\\Pipeline->Illuminate\\Pipeline\\{closure}(Object(Illuminate\\Http\\Request))
#42 /Users/danieldimov/Documents/Projects/Mobidonia/CodeCanyon/MRestorant/Site/vendor/laravel/framework/src/Illuminate/Foundation/Http/Middleware/TransformsRequest.php(21): Illuminate\\Routing\\Pipeline->Illuminate\\Routing\\{closure}(Object(Illuminate\\Http\\Request))
#43 /Users/danieldimov/Documents/Projects/Mobidonia/CodeCanyon/MRestorant/Site/vendor/laravel/framework/src/Illuminate/Pipeline/Pipeline.php(163): Illuminate\\Foundation\\Http\\Middleware\\TransformsRequest->handle(Object(Illuminate\\Http\\Request), Object(Closure))
#44 /Users/danieldimov/Documents/Projects/Mobidonia/CodeCanyon/MRestorant/Site/vendor/laravel/framework/src/Illuminate/Routing/Pipeline.php(53): Illuminate\\Pipeline\\Pipeline->Illuminate\\Pipeline\\{closure}(Object(Illuminate\\Http\\Request))
#45 /Users/danieldimov/Documents/Projects/Mobidonia/CodeCanyon/MRestorant/Site/vendor/laravel/framework/src/Illuminate/Foundation/Http/Middleware/TransformsRequest.php(21): Illuminate\\Routing\\Pipeline->Illuminate\\Routing\\{closure}(Object(Illuminate\\Http\\Request))
#46 /Users/danieldimov/Documents/Projects/Mobidonia/CodeCanyon/MRestorant/Site/vendor/laravel/framework/src/Illuminate/Pipeline/Pipeline.php(163): Illuminate\\Foundation\\Http\\Middleware\\TransformsRequest->handle(Object(Illuminate\\Http\\Request), Object(Closure))
#47 /Users/danieldimov/Documents/Projects/Mobidonia/CodeCanyon/MRestorant/Site/vendor/laravel/framework/src/Illuminate/Routing/Pipeline.php(53): Illuminate\\Pipeline\\Pipeline->Illuminate\\Pipeline\\{closure}(Object(Illuminate\\Http\\Request))
#48 /Users/danieldimov/Documents/Projects/Mobidonia/CodeCanyon/MRestorant/Site/vendor/laravel/framework/src/Illuminate/Foundation/Http/Middleware/ValidatePostSize.php(27): Illuminate\\Routing\\Pipeline->Illuminate\\Routing\\{closure}(Object(Illuminate\\Http\\Request))
#49 /Users/danieldimov/Documents/Projects/Mobidonia/CodeCanyon/MRestorant/Site/vendor/laravel/framework/src/Illuminate/Pipeline/Pipeline.php(163): Illuminate\\Foundation\\Http\\Middleware\\ValidatePostSize->handle(Object(Illuminate\\Http\\Request), Object(Closure))
#50 /Users/danieldimov/Documents/Projects/Mobidonia/CodeCanyon/MRestorant/Site/vendor/laravel/framework/src/Illuminate/Routing/Pipeline.php(53): Illuminate\\Pipeline\\Pipeline->Illuminate\\Pipeline\\{closure}(Object(Illuminate\\Http\\Request))
#51 /Users/danieldimov/Documents/Projects/Mobidonia/CodeCanyon/MRestorant/Site/vendor/laravel/framework/src/Illuminate/Foundation/Http/Middleware/CheckForMaintenanceMode.php(62): Illuminate\\Routing\\Pipeline->Illuminate\\Routing\\{closure}(Object(Illuminate\\Http\\Request))
#52 /Users/danieldimov/Documents/Projects/Mobidonia/CodeCanyon/MRestorant/Site/vendor/laravel/framework/src/Illuminate/Pipeline/Pipeline.php(163): Illuminate\\Foundation\\Http\\Middleware\\CheckForMaintenanceMode->handle(Object(Illuminate\\Http\\Request), Object(Closure))
#53 /Users/danieldimov/Documents/Projects/Mobidonia/CodeCanyon/MRestorant/Site/vendor/laravel/framework/src/Illuminate/Routing/Pipeline.php(53): Illuminate\\Pipeline\\Pipeline->Illuminate\\Pipeline\\{closure}(Object(Illuminate\\Http\\Request))
#54 /Users/danieldimov/Documents/Projects/Mobidonia/CodeCanyon/MRestorant/Site/vendor/fideloper/proxy/src/TrustProxies.php(57): Illuminate\\Routing\\Pipeline->Illuminate\\Routing\\{closure}(Object(Illuminate\\Http\\Request))
#55 /Users/danieldimov/Documents/Projects/Mobidonia/CodeCanyon/MRestorant/Site/vendor/laravel/framework/src/Illuminate/Pipeline/Pipeline.php(163): Fideloper\\Proxy\\TrustProxies->handle(Object(Illuminate\\Http\\Request), Object(Closure))
#56 /Users/danieldimov/Documents/Projects/Mobidonia/CodeCanyon/MRestorant/Site/vendor/laravel/framework/src/Illuminate/Routing/Pipeline.php(53): Illuminate\\Pipeline\\Pipeline->Illuminate\\Pipeline\\{closure}(Object(Illuminate\\Http\\Request))
#57 /Users/danieldimov/Documents/Projects/Mobidonia/CodeCanyon/MRestorant/Site/vendor/laravel/framework/src/Illuminate/Pipeline/Pipeline.php(104): Illuminate\\Routing\\Pipeline->Illuminate\\Routing\\{closure}(Object(Illuminate\\Http\\Request))
#58 /Users/danieldimov/Documents/Projects/Mobidonia/CodeCanyon/MRestorant/Site/vendor/laravel/framework/src/Illuminate/Foundation/Http/Kernel.php(151): Illuminate\\Pipeline\\Pipeline->then(Object(Closure))
#59 /Users/danieldimov/Documents/Projects/Mobidonia/CodeCanyon/MRestorant/Site/vendor/laravel/framework/src/Illuminate/Foundation/Http/Kernel.php(116): Illuminate\\Foundation\\Http\\Kernel->sendRequestThroughRouter(Object(Illuminate\\Http\\Request))
#60 /Users/danieldimov/Documents/Projects/Mobidonia/CodeCanyon/MRestorant/Site/public/index.php(55): Illuminate\\Foundation\\Http\\Kernel->handle(Object(Illuminate\\Http\\Request))
#61 /Users/danieldimov/Documents/Projects/Mobidonia/CodeCanyon/MRestorant/Site/server.php(21): require_once('/Users/danieldi...')
#62 {main}
"} 
