[2020-09-11 09:31:24] local.ERROR: Too few arguments to function Illuminate\Validation\Factory::make(), 1 passed in /Users/danieldimov/Documents/Projects/Mobidonia/CodeCanyon/MRestorant/Site/vendor/laravel/framework/src/Illuminate/Support/Facades/Facade.php on line 239 and at least 2 expected {"exception":"[object] (Symfony\\Component\\Debug\\Exception\\FatalThrowableError(code: 0): Too few arguments to function Illuminate\\Validation\\Factory::make(), 1 passed in /Users/danieldimov/Documents/Projects/Mobidonia/CodeCanyon/MRestorant/Site/vendor/laravel/framework/src/Illuminate/Support/Facades/Facade.php on line 239 and at least 2 expected at /Users/danieldimov/Documents/Projects/Mobidonia/CodeCanyon/MRestorant/Site/vendor/laravel/framework/src/Illuminate/Validation/Factory.php:98)
[stacktrace]
#0 /Users/danieldimov/Documents/Projects/Mobidonia/CodeCanyon/MRestorant/Site/vendor/laravel/framework/src/Illuminate/Support/Facades/Facade.php(239): Illuminate\\Validation\\Factory->make(Array)
#1 /Users/danieldimov/Documents/Projects/Mobidonia/CodeCanyon/MRestorant/Site/app/Http/Controllers/Auth/RegisterController.php(66): Illuminate\\Support\\Facades\\Facade::__callStatic('make', Array)
#2 /Users/danieldimov/Documents/Projects/Mobidonia/CodeCanyon/MRestorant/Site/vendor/laravel/framework/src/Illuminate/Foundation/Auth/RegistersUsers.php(31): App\\Http\\Controllers\\Auth\\RegisterController->validator(Array)
#3 [internal function]: App\\Http\\Controllers\\Auth\\RegisterController->register(Object(Illuminate\\Http\\Request))
#4 /Users/danieldimov/Documents/Projects/Mobidonia/CodeCanyon/MRestorant/Site/vendor/laravel/framework/src/Illuminate/Routing/Controller.php(54): call_user_func_array(Array, Array)
#5 /Users/danieldimov/Documents/Projects/Mobidonia/CodeCanyon/MRestorant/Site/vendor/laravel/framework/src/Illuminate/Routing/ControllerDispatcher.php(45): Illuminate\\Routing\\Controller->callAction('register', Array)
#6 /Users/danieldimov/Documents/Projects/Mobidonia/CodeCanyon/MRestorant/Site/vendor/laravel/framework/src/Illuminate/Routing/Route.php(219): Illuminate\\Routing\\ControllerDispatcher->dispatch(Object(Illuminate\\Routing\\Route), Object(App\\Http\\Controllers\\Auth\\RegisterController), 'register')
#7 /Users/danieldimov/Documents/Projects/Mobidonia/CodeCanyon/MRestorant/Site/vendor/laravel/framework/src/Illuminate/Routing/Route.php(176): Illuminate\\Routing\\Route->runController()
#8 /Users/danieldimov/Documents/Projects/Mobidonia/CodeCanyon/MRestorant/Site/vendor/laravel/framework/src/Illuminate/Routing/Router.php(680): Illuminate\\Routing\\Route->run()
#9 /Users/danieldimov/Documents/Projects/Mobidonia/CodeCanyon/MRestorant/Site/vendor/laravel/framework/src/Illuminate/Routing/Pipeline.php(30): Illuminate\\Routing\\Router->Illuminate\\Routing\\{closure}(Object(Illuminate\\Http\\Request))
#10 /Users/danieldimov/Documents/Projects/Mobidonia/CodeCanyon/MRestorant/Site/app/Http/Middleware/RedirectIfAuthenticated.php(24): Illuminate\\Routing\\Pipeline->Illuminate\\Routing\\{closure}(Object(Illuminate\\Http\\Request))
#11 /Users/danieldimov/Documents/Projects/Mobidonia/CodeCanyon/MRestorant/Site/vendor/laravel/framework/src/Illuminate/Pipeline/Pipeline.php(163): App\\Http\\Middleware\\RedirectIfAuthenticated->handle(Object(Illuminate\\Http\\Request), Object(Closure))
#12 /Users/danieldimov/Documents/Projects/Mobidonia/CodeCanyon/MRestorant/Site/vendor/laravel/framework/src/Illuminate/Routing/Pipeline.php(53): Illuminate\\Pipeline\\Pipeline->Illuminate\\Pipeline\\{closure}(Object(Illuminate\\Http\\Request))
#13 /Users/danieldimov/Documents/Projects/Mobidonia/CodeCanyon/MRestorant/Site/vendor/laravel/framework/src/Illuminate/Routing/Middleware/SubstituteBindings.php(41): Illuminate\\Routing\\Pipeline->Illuminate\\Routing\\{closure}(Object(Illuminate\\Http\\Request))
#14 /Users/danieldimov/Documents/Projects/Mobidonia/CodeCanyon/MRestorant/Site/vendor/laravel/framework/src/Illuminate/Pipeline/Pipeline.php(163): Illuminate\\Routing\\Middleware\\SubstituteBindings->handle(Object(Illuminate\\Http\\Request), Object(Closure))
#15 /Users/danieldimov/Documents/Projects/Mobidonia/CodeCanyon/MRestorant/Site/vendor/laravel/framework/src/Illuminate/Routing/Pipeline.php(53): Illuminate\\Pipeline\\Pipeline->Illuminate\\Pipeline\\{closure}(Object(Illuminate\\Http\\Request))
#16 /Users/danieldimov/Documents/Projects/Mobidonia/CodeCanyon/MRestorant/Site/vendor/laravel/framework/src/Illuminate/Foundation/Http/Middleware/VerifyCsrfToken.php(75): Illuminate\\Routing\\Pipeline->Illuminate\\Routing\\{closure}(Object(Illuminate\\Http\\Request))
#17 /Users/danieldimov/Documents/Projects/Mobidonia/CodeCanyon/MRestorant/Site/vendor/laravel/framework/src/Illuminate/Pipeline/Pipeline.php(163): Illuminate\\Foundation\\Http\\Middleware\\VerifyCsrfToken->handle(Object(Illuminate\\Http\\Request), Object(Closure))
#18 /Users/danieldimov/Documents/Projects/Mobidonia/CodeCanyon/MRestorant/Site/vendor/laravel/framework/src/Illuminate/Routing/Pipeline.php(53): Illuminate\\Pipeline\\Pipeline->Illuminate\\Pipeline\\{closure}(Object(Illuminate\\Http\\Request))
#19 /Users/danieldimov/Documents/Projects/Mobidonia/CodeCanyon/MRestorant/Site/vendor/laravel/framework/src/Illuminate/View/Middleware/ShareErrorsFromSession.php(49): Illuminate\\Routing\\Pipeline->Illuminate\\Routing\\{closure}(Object(Illuminate\\Http\\Request))
#20 /Users/danieldimov/Documents/Projects/Mobidonia/CodeCanyon/MRestorant/Site/vendor/laravel/framework/src/Illuminate/Pipeline/Pipeline.php(163): Illuminate\\View\\Middleware\\ShareErrorsFromSession->handle(Object(Illuminate\\Http\\Request), Object(Closure))
#21 /Users/danieldimov/Documents/Projects/Mobidonia/CodeCanyon/MRestorant/Site/vendor/laravel/framework/src/Illuminate/Routing/Pipeline.php(53): Illuminate\\Pipeline\\Pipeline->Illuminate\\Pipeline\\{closure}(Object(Illuminate\\Http\\Request))
#22 /Users/danieldimov/Documents/Projects/Mobidonia/CodeCanyon/MRestorant/Site/vendor/laravel/framework/src/Illuminate/Session/Middleware/StartSession.php(56): Illuminate\\Routing\\Pipeline->Illuminate\\Routing\\{closure}(Object(Illuminate\\Http\\Request))
#23 /Users/danieldimov/Documents/Projects/Mobidonia/CodeCanyon/MRestorant/Site/vendor/laravel/framework/src/Illuminate/Pipeline/Pipeline.php(163): Illuminate\\Session\\Middleware\\StartSession->handle(Object(Illuminate\\Http\\Request), Object(Closure))
#24 /Users/danieldimov/Documents/Projects/Mobidonia/CodeCanyon/MRestorant/Site/vendor/laravel/framework/src/Illuminate/Routing/Pipeline.php(53): Illuminate\\Pipeline\\Pipeline->Illuminate\\Pipeline\\{closure}(Object(Illuminate\\Http\\Request))
#25 /Users/danieldimov/Documents/Projects/Mobidonia/CodeCanyon/MRestorant/Site/vendor/laravel/framework/src/Illuminate/Cookie/Middleware/AddQueuedCookiesToResponse.php(37): Illuminate\\Routing\\Pipeline->Illuminate\\Routing\\{closure}(Object(Illuminate\\Http\\Request))
#26 /Users/danieldimov/Documents/Projects/Mobidonia/CodeCanyon/MRestorant/Site/vendor/laravel/framework/src/Illuminate/Pipeline/Pipeline.php(163): Illuminate\\Cookie\\Middleware\\AddQueuedCookiesToResponse->handle(Object(Illuminate\\Http\\Request), Object(Closure))
#27 /Users/danieldimov/Documents/Projects/Mobidonia/CodeCanyon/MRestorant/Site/vendor/laravel/framework/src/Illuminate/Routing/Pipeline.php(53): Illuminate\\Pipeline\\Pipeline->Illuminate\\Pipeline\\{closure}(Object(Illuminate\\Http\\Request))
#28 /Users/danieldimov/Documents/Projects/Mobidonia/CodeCanyon/MRestorant/Site/vendor/laravel/framework/src/Illuminate/Cookie/Middleware/EncryptCookies.php(66): Illuminate\\Routing\\Pipeline->Illuminate\\Routing\\{closure}(Object(Illuminate\\Http\\Request))
#29 /Users/danieldimov/Documents/Projects/Mobidonia/CodeCanyon/MRestorant/Site/vendor/laravel/framework/src/Illuminate/Pipeline/Pipeline.php(163): Illuminate\\Cookie\\Middleware\\EncryptCookies->handle(Object(Illuminate\\Http\\Request), Object(Closure))
#30 /Users/danieldimov/Documents/Projects/Mobidonia/CodeCanyon/MRestorant/Site/vendor/laravel/framework/src/Illuminate/Routing/Pipeline.php(53): Illuminate\\Pipeline\\Pipeline->Illuminate\\Pipeline\\{closure}(Object(Illuminate\\Http\\Request))
#31 /Users/danieldimov/Documents/Projects/Mobidonia/CodeCanyon/MRestorant/Site/vendor/laravel/framework/src/Illuminate/Pipeline/Pipeline.php(104): Illuminate\\Routing\\Pipeline->Illuminate\\Routing\\{closure}(Object(Illuminate\\Http\\Request))
#32 /Users/danieldimov/Documents/Projects/Mobidonia/CodeCanyon/MRestorant/Site/vendor/laravel/framework/src/Illuminate/Routing/Router.php(682): Illuminate\\Pipeline\\Pipeline->then(Object(Closure))
#33 /Users/danieldimov/Documents/Projects/Mobidonia/CodeCanyon/MRestorant/Site/vendor/laravel/framework/src/Illuminate/Routing/Router.php(657): Illuminate\\Routing\\Router->runRouteWithinStack(Object(Illuminate\\Routing\\Route), Object(Illuminate\\Http\\Request))
#34 /Users/danieldimov/Documents/Projects/Mobidonia/CodeCanyon/MRestorant/Site/vendor/laravel/framework/src/Illuminate/Routing/Router.php(623): Illuminate\\Routing\\Router->runRoute(Object(Illuminate\\Http\\Request), Object(Illuminate\\Routing\\Route))
#35 /Users/danieldimov/Documents/Projects/Mobidonia/CodeCanyon/MRestorant/Site/vendor/laravel/framework/src/Illuminate/Routing/Router.php(612): Illuminate\\Routing\\Router->dispatchToRoute(Object(Illuminate\\Http\\Request))
#36 /Users/danieldimov/Documents/Projects/Mobidonia/CodeCanyon/MRestorant/Site/vendor/laravel/framework/src/Illuminate/Foundation/Http/Kernel.php(176): Illuminate\\Routing\\Router->dispatch(Object(Illuminate\\Http\\Request))
#37 /Users/danieldimov/Documents/Projects/Mobidonia/CodeCanyon/MRestorant/Site/vendor/laravel/framework/src/Illuminate/Routing/Pipeline.php(30): Illuminate\\Foundation\\Http\\Kernel->Illuminate\\Foundation\\Http\\{closure}(Object(Illuminate\\Http\\Request))
#38 /Users/danieldimov/Documents/Projects/Mobidonia/CodeCanyon/MRestorant/Site/vendor/barryvdh/laravel-debugbar/src/Middleware/InjectDebugbar.php(65): Illuminate\\Routing\\Pipeline->Illuminate\\Routing\\{closure}(Object(Illuminate\\Http\\Request))
#39 /Users/danieldimov/Documents/Projects/Mobidonia/CodeCanyon/MRestorant/Site/vendor/laravel/framework/src/Illuminate/Pipeline/Pipeline.php(163): Barryvdh\\Debugbar\\Middleware\\InjectDebugbar->handle(Object(Illuminate\\Http\\Request), Object(Closure))
#40 /Users/danieldimov/Documents/Projects/Mobidonia/CodeCanyon/MRestorant/Site/vendor/laravel/framework/src/Illuminate/Routing/Pipeline.php(53): Illuminate\\Pipeline\\Pipeline->Illuminate\\Pipeline\\{closure}(Object(Illuminate\\Http\\Request))
#41 /Users/danieldimov/Documents/Projects/Mobidonia/CodeCanyon/MRestorant/Site/vendor/laravel/framework/src/Illuminate/Foundation/Http/Middleware/TransformsRequest.php(21): Illuminate\\Routing\\Pipeline->Illuminate\\Routing\\{closure}(Object(Illuminate\\Http\\Request))
#42 /Users/danieldimov/Documents/Projects/Mobidonia/CodeCanyon/MRestorant/Site/vendor/laravel/framework/src/Illuminate/Pipeline/Pipeline.php(163): Illuminate\\Foundation\\Http\\Middleware\\TransformsRequest->handle(Object(Illuminate\\Http\\Request), Object(Closure))
#43 /Users/danieldimov/Documents/Projects/Mobidonia/CodeCanyon/MRestorant/Site/vendor/laravel/framework/src/Illuminate/Routing/Pipeline.php(53): Illuminate\\Pipeline\\Pipeline->Illuminate\\Pipeline\\{closure}(Object(Illuminate\\Http\\Request))
#44 /Users/danieldimov/Documents/Projects/Mobidonia/CodeCanyon/MRestorant/Site/vendor/laravel/framework/src/Illuminate/Foundation/Http/Middleware/TransformsRequest.php(21): Illuminate\\Routing\\Pipeline->Illuminate\\Routing\\{closure}(Object(Illuminate\\Http\\Request))
#45 /Users/danieldimov/Documents/Projects/Mobidonia/CodeCanyon/MRestorant/Site/vendor/laravel/framework/src/Illuminate/Pipeline/Pipeline.php(163): Illuminate\\Foundation\\Http\\Middleware\\TransformsRequest->handle(Object(Illuminate\\Http\\Request), Object(Closure))
#46 /Users/danieldimov/Documents/Projects/Mobidonia/CodeCanyon/MRestorant/Site/vendor/laravel/framework/src/Illuminate/Routing/Pipeline.php(53): Illuminate\\Pipeline\\Pipeline->Illuminate\\Pipeline\\{closure}(Object(Illuminate\\Http\\Request))
#47 /Users/danieldimov/Documents/Projects/Mobidonia/CodeCanyon/MRestorant/Site/vendor/laravel/framework/src/Illuminate/Foundation/Http/Middleware/ValidatePostSize.php(27): Illuminate\\Routing\\Pipeline->Illuminate\\Routing\\{closure}(Object(Illuminate\\Http\\Request))
#48 /Users/danieldimov/Documents/Projects/Mobidonia/CodeCanyon/MRestorant/Site/vendor/laravel/framework/src/Illuminate/Pipeline/Pipeline.php(163): Illuminate\\Foundation\\Http\\Middleware\\ValidatePostSize->handle(Object(Illuminate\\Http\\Request), Object(Closure))
#49 /Users/danieldimov/Documents/Projects/Mobidonia/CodeCanyon/MRestorant/Site/vendor/laravel/framework/src/Illuminate/Routing/Pipeline.php(53): Illuminate\\Pipeline\\Pipeline->Illuminate\\Pipeline\\{closure}(Object(Illuminate\\Http\\Request))
#50 /Users/danieldimov/Documents/Projects/Mobidonia/CodeCanyon/MRestorant/Site/vendor/laravel/framework/src/Illuminate/Foundation/Http/Middleware/CheckForMaintenanceMode.php(62): Illuminate\\Routing\\Pipeline->Illuminate\\Routing\\{closure}(Object(Illuminate\\Http\\Request))
#51 /Users/danieldimov/Documents/Projects/Mobidonia/CodeCanyon/MRestorant/Site/vendor/laravel/framework/src/Illuminate/Pipeline/Pipeline.php(163): Illuminate\\Foundation\\Http\\Middleware\\CheckForMaintenanceMode->handle(Object(Illuminate\\Http\\Request), Object(Closure))
#52 /Users/danieldimov/Documents/Projects/Mobidonia/CodeCanyon/MRestorant/Site/vendor/laravel/framework/src/Illuminate/Routing/Pipeline.php(53): Illuminate\\Pipeline\\Pipeline->Illuminate\\Pipeline\\{closure}(Object(Illuminate\\Http\\Request))
#53 /Users/danieldimov/Documents/Projects/Mobidonia/CodeCanyon/MRestorant/Site/vendor/fideloper/proxy/src/TrustProxies.php(57): Illuminate\\Routing\\Pipeline->Illuminate\\Routing\\{closure}(Object(Illuminate\\Http\\Request))
#54 /Users/danieldimov/Documents/Projects/Mobidonia/CodeCanyon/MRestorant/Site/vendor/laravel/framework/src/Illuminate/Pipeline/Pipeline.php(163): Fideloper\\Proxy\\TrustProxies->handle(Object(Illuminate\\Http\\Request), Object(Closure))
#55 /Users/danieldimov/Documents/Projects/Mobidonia/CodeCanyon/MRestorant/Site/vendor/laravel/framework/src/Illuminate/Routing/Pipeline.php(53): Illuminate\\Pipeline\\Pipeline->Illuminate\\Pipeline\\{closure}(Object(Illuminate\\Http\\Request))
#56 /Users/danieldimov/Documents/Projects/Mobidonia/CodeCanyon/MRestorant/Site/vendor/laravel/framework/src/Illuminate/Pipeline/Pipeline.php(104): Illuminate\\Routing\\Pipeline->Illuminate\\Routing\\{closure}(Object(Illuminate\\Http\\Request))
#57 /Users/danieldimov/Documents/Projects/Mobidonia/CodeCanyon/MRestorant/Site/vendor/laravel/framework/src/Illuminate/Foundation/Http/Kernel.php(151): Illuminate\\Pipeline\\Pipeline->then(Object(Closure))
#58 /Users/danieldimov/Documents/Projects/Mobidonia/CodeCanyon/MRestorant/Site/vendor/laravel/framework/src/Illuminate/Foundation/Http/Kernel.php(116): Illuminate\\Foundation\\Http\\Kernel->sendRequestThroughRouter(Object(Illuminate\\Http\\Request))
#59 /Users/danieldimov/Documents/Projects/Mobidonia/CodeCanyon/MRestorant/Site/public/index.php(55): Illuminate\\Foundation\\Http\\Kernel->handle(Object(Illuminate\\Http\\Request))
#60 /Users/danieldimov/Documents/Projects/Mobidonia/CodeCanyon/MRestorant/Site/server.php(21): require_once('/Users/danieldi...')
#61 {main}
"} 
